                      :-) GROMACS - gmx mdrun, 2020.4 (-:

                            GROMACS is written by:
     Emile Apol      Rossen Apostolov      Paul Bauer     Herman J.C. Berendsen
    Par Bjelkmar      Christian Blau   Viacheslav Bolnykh     Kevin Boyd    
 Aldert van Buuren   Rudi van Drunen     Anton Feenstra       Alan Gray     
  Gerrit Groenhof     Anca Hamuraru    Vincent Hindriksen  M. Eric Irrgang  
  Aleksei Iupinov   Christoph Junghans     Joe Jordan     Dimitrios Karkoulis
    Peter Kasson        Jiri Kraus      Carsten Kutzner      Per Larsson    
  Justin A. Lemkul    Viveca Lindahl    Magnus Lundborg     Erik Marklund   
    Pascal Merz     Pieter Meulenhoff    Teemu Murtola       Szilard Pall   
    Sander Pronk      Roland Schulz      Michael Shirts    Alexey Shvetsov  
   Alfons Sijbers     Peter Tieleman      Jon Vincent      Teemu Virolainen 
 Christian Wennberg    Maarten Wolf      Artem Zhmurov   
                           and the project leaders:
        Mark Abraham, Berk Hess, Erik Lindahl, and David van der Spoel

Copyright (c) 1991-2000, University of Groningen, The Netherlands.
Copyright (c) 2001-2019, The GROMACS development team at
Uppsala University, Stockholm University and
the Royal Institute of Technology, Sweden.
check out http://www.gromacs.org for more information.

GROMACS is free software; you can redistribute it and/or modify it
under the terms of the GNU Lesser General Public License
as published by the Free Software Foundation; either version 2.1
of the License, or (at your option) any later version.

GROMACS:      gmx mdrun, version 2020.4
Executable:   /share/apps/gromacs/2020.4/openmpi/intel/bin/gmx_mpi
Data prefix:  /share/apps/gromacs/2020.4/openmpi/intel
Working dir:  /scratch/work/courses/CHEM-GA-2671-2023fa/students/rr4398/comp-lab-class-2023/Week4/Setup/simul_ion_water/charmm-gui-9653422429/gromacs
Process ID:   3824400
Command line:
  gmx_mpi mdrun -v -deffnm step4.1_equilibration

GROMACS version:    2020.4
Verified release checksum is 79c2857291b034542c26e90512b92fd4b184a1c9d6fa59c55f2e24ccf14e7281
Precision:          single
Memory model:       64 bit
MPI library:        MPI
OpenMP support:     disabled
GPU support:        disabled
SIMD instructions:  AVX_512
FFT library:        Intel MKL
RDTSCP usage:       enabled
TNG support:        enabled
Hwloc support:      disabled
Tracing support:    disabled
C compiler:         /share/apps/openmpi/4.0.5/intel/bin/mpicc Intel 19.1.2.20200623
C compiler flags:   -xCORE-AVX512 -qopt-zmm-usage=high -mkl=sequential -wd3180 -std=gnu99 -ip -funroll-all-loops -alias-const -ansi-alias -no-prec-div -fimf-domain-exclusion=14 -qoverride-limits -O3 -DNDEBUG
C++ compiler:       /share/apps/openmpi/4.0.5/intel/bin/mpicxx Intel 19.1.2.20200623
C++ compiler flags: -xCORE-AVX512 -qopt-zmm-usage=high -mkl=sequential -wd3180 -ip -funroll-all-loops -alias-const -ansi-alias -no-prec-div -fimf-domain-exclusion=14 -qoverride-limits -O3 -DNDEBUG


Running on 1 node with total 48 cores, 48 logical cores
Hardware detected on host cs187.hpc.nyu.edu (the node of MPI rank 0):
  CPU info:
    Vendor: Intel
    Brand:  Intel(R) Xeon(R) Platinum 8268 CPU @ 2.90GHz
    Family: 6   Model: 85   Stepping: 7
    Features: aes apic avx avx2 avx512f avx512cd avx512bw avx512vl clfsh cmov cx8 cx16 f16c fma htt intel lahf mmx msr nonstop_tsc pcid pclmuldq pdcm pdpe1gb popcnt pse rdrnd rdtscp sse2 sse3 sse4.1 sse4.2 ssse3 tdt x2apic
    Number of AVX-512 FMA units: 2
  Hardware topology: Only logical processor count


++++ PLEASE READ AND CITE THE FOLLOWING REFERENCE ++++
M. J. Abraham, T. Murtola, R. Schulz, S. Páll, J. C. Smith, B. Hess, E.
Lindahl
GROMACS: High performance molecular simulations through multi-level
parallelism from laptops to supercomputers
SoftwareX 1 (2015) pp. 19-25
-------- -------- --- Thank You --- -------- --------


++++ PLEASE READ AND CITE THE FOLLOWING REFERENCE ++++
S. Páll, M. J. Abraham, C. Kutzner, B. Hess, E. Lindahl
Tackling Exascale Software Challenges in Molecular Dynamics Simulations with
GROMACS
In S. Markidis & E. Laure (Eds.), Solving Software Challenges for Exascale 8759 (2015) pp. 3-27
-------- -------- --- Thank You --- -------- --------


++++ PLEASE READ AND CITE THE FOLLOWING REFERENCE ++++
S. Pronk, S. Páll, R. Schulz, P. Larsson, P. Bjelkmar, R. Apostolov, M. R.
Shirts, J. C. Smith, P. M. Kasson, D. van der Spoel, B. Hess, and E. Lindahl
GROMACS 4.5: a high-throughput and highly parallel open source molecular
simulation toolkit
Bioinformatics 29 (2013) pp. 845-54
-------- -------- --- Thank You --- -------- --------


++++ PLEASE READ AND CITE THE FOLLOWING REFERENCE ++++
B. Hess and C. Kutzner and D. van der Spoel and E. Lindahl
GROMACS 4: Algorithms for highly efficient, load-balanced, and scalable
molecular simulation
J. Chem. Theory Comput. 4 (2008) pp. 435-447
-------- -------- --- Thank You --- -------- --------


++++ PLEASE READ AND CITE THE FOLLOWING REFERENCE ++++
D. van der Spoel, E. Lindahl, B. Hess, G. Groenhof, A. E. Mark and H. J. C.
Berendsen
GROMACS: Fast, Flexible and Free
J. Comp. Chem. 26 (2005) pp. 1701-1719
-------- -------- --- Thank You --- -------- --------


++++ PLEASE READ AND CITE THE FOLLOWING REFERENCE ++++
E. Lindahl and B. Hess and D. van der Spoel
GROMACS 3.0: A package for molecular simulation and trajectory analysis
J. Mol. Mod. 7 (2001) pp. 306-317
-------- -------- --- Thank You --- -------- --------


++++ PLEASE READ AND CITE THE FOLLOWING REFERENCE ++++
H. J. C. Berendsen, D. van der Spoel and R. van Drunen
GROMACS: A message-passing parallel molecular dynamics implementation
Comp. Phys. Comm. 91 (1995) pp. 43-56
-------- -------- --- Thank You --- -------- --------


++++ PLEASE CITE THE DOI FOR THIS VERSION OF GROMACS ++++
https://doi.org/10.5281/zenodo.4054979
-------- -------- --- Thank You --- -------- --------

Input Parameters:
   integrator                     = md
   tinit                          = 0
   dt                             = 0.001
   nsteps                         = 125000
   init-step                      = 0
   simulation-part                = 1
   comm-mode                      = Linear
   nstcomm                        = 100
   bd-fric                        = 0
   ld-seed                        = -1156759971
   emtol                          = 10
   emstep                         = 0.01
   niter                          = 20
   fcstep                         = 0
   nstcgsteep                     = 1000
   nbfgscorr                      = 10
   rtpi                           = 0.05
   nstxout                        = 0
   nstvout                        = 5000
   nstfout                        = 5000
   nstlog                         = 1000
   nstcalcenergy                  = 100
   nstenergy                      = 1000
   nstxout-compressed             = 5000
   compressed-x-precision         = 1000
   cutoff-scheme                  = Verlet
   nstlist                        = 20
   pbc                            = xyz
   periodic-molecules             = false
   verlet-buffer-tolerance        = 0.005
   rlist                          = 1.2
   coulombtype                    = PME
   coulomb-modifier               = Potential-shift
   rcoulomb-switch                = 0
   rcoulomb                       = 1.2
   epsilon-r                      = 1
   epsilon-rf                     = inf
   vdw-type                       = Cut-off
   vdw-modifier                   = Force-switch
   rvdw-switch                    = 1
   rvdw                           = 1.2
   DispCorr                       = No
   table-extension                = 1
   fourierspacing                 = 0.12
   fourier-nx                     = 42
   fourier-ny                     = 42
   fourier-nz                     = 42
   pme-order                      = 4
   ewald-rtol                     = 1e-05
   ewald-rtol-lj                  = 0.001
   lj-pme-comb-rule               = Geometric
   ewald-geometry                 = 0
   epsilon-surface                = 0
   tcoupl                         = Nose-Hoover
   nsttcouple                     = 20
   nh-chain-length                = 1
   print-nose-hoover-chain-variables = false
   pcoupl                         = No
   pcoupltype                     = Isotropic
   nstpcouple                     = -1
   tau-p                          = 1
   compressibility (3x3):
      compressibility[    0]={ 0.00000e+00,  0.00000e+00,  0.00000e+00}
      compressibility[    1]={ 0.00000e+00,  0.00000e+00,  0.00000e+00}
      compressibility[    2]={ 0.00000e+00,  0.00000e+00,  0.00000e+00}
   ref-p (3x3):
      ref-p[    0]={ 0.00000e+00,  0.00000e+00,  0.00000e+00}
      ref-p[    1]={ 0.00000e+00,  0.00000e+00,  0.00000e+00}
      ref-p[    2]={ 0.00000e+00,  0.00000e+00,  0.00000e+00}
   refcoord-scaling               = No
   posres-com (3):
      posres-com[0]= 0.00000e+00
      posres-com[1]= 0.00000e+00
      posres-com[2]= 0.00000e+00
   posres-comB (3):
      posres-comB[0]= 0.00000e+00
      posres-comB[1]= 0.00000e+00
      posres-comB[2]= 0.00000e+00
   QMMM                           = false
   QMconstraints                  = 0
   QMMMscheme                     = 0
   MMChargeScaleFactor            = 1
qm-opts:
   ngQM                           = 0
   constraint-algorithm           = Lincs
   continuation                   = false
   Shake-SOR                      = false
   shake-tol                      = 0.0001
   lincs-order                    = 4
   lincs-iter                     = 1
   lincs-warnangle                = 30
   nwall                          = 0
   wall-type                      = 9-3
   wall-r-linpot                  = -1
   wall-atomtype[0]               = -1
   wall-atomtype[1]               = -1
   wall-density[0]                = 0
   wall-density[1]                = 0
   wall-ewald-zfac                = 3
   pull                           = false
   awh                            = false
   rotation                       = false
   interactiveMD                  = false
   disre                          = No
   disre-weighting                = Conservative
   disre-mixed                    = false
   dr-fc                          = 1000
   dr-tau                         = 0
   nstdisreout                    = 100
   orire-fc                       = 0
   orire-tau                      = 0
   nstorireout                    = 100
   free-energy                    = no
   cos-acceleration               = 0
   deform (3x3):
      deform[    0]={ 0.00000e+00,  0.00000e+00,  0.00000e+00}
      deform[    1]={ 0.00000e+00,  0.00000e+00,  0.00000e+00}
      deform[    2]={ 0.00000e+00,  0.00000e+00,  0.00000e+00}
   simulated-tempering            = false
   swapcoords                     = no
   userint1                       = 0
   userint2                       = 0
   userint3                       = 0
   userint4                       = 0
   userreal1                      = 0
   userreal2                      = 0
   userreal3                      = 0
   userreal4                      = 0
   applied-forces:
     electric-field:
       x:
         E0                       = 0
         omega                    = 0
         t0                       = 0
         sigma                    = 0
       y:
         E0                       = 0
         omega                    = 0
         t0                       = 0
         sigma                    = 0
       z:
         E0                       = 0
         omega                    = 0
         t0                       = 0
         sigma                    = 0
     density-guided-simulation:
       active                     = false
       group                      = protein
       similarity-measure         = inner-product
       atom-spreading-weight      = unity
       force-constant             = 1e+09
       gaussian-transform-spreading-width = 0.2
       gaussian-transform-spreading-range-in-multiples-of-width = 4
       reference-density-filename = reference.mrc
       nst                        = 1
       normalize-densities        = true
       adaptive-force-scaling     = false
       adaptive-force-scaling-time-constant = 4
grpopts:
   nrdf:       23295
   ref-t:         300
   tau-t:           1
annealing:          No
annealing-npoints:           0
   acc:	           0           0           0
   nfreeze:           N           N           N
   energygrp-flags[  0]: 0

Changing nstlist from 20 to 100, rlist from 1.2 to 1.297


Initializing Domain Decomposition on 20 ranks
Dynamic load balancing: auto
Using update groups, nr 3890, average size 3.0 atoms, max. radius 0.078 nm
Minimum cell size due to atom displacement: 0.296 nm
Scaling the initial minimum size with 1/0.8 (option -dds) = 1.25
Guess for relative PME load: 0.20
Will use 16 particle-particle and 4 PME only ranks
This is a guess, check the performance at the end of the log file
Using 4 separate PME ranks, as guessed by mdrun
Optimizing the DD grid for 16 cells with a minimum initial size of 0.370 nm
The maximum allowed number of cells is: X 13 Y 13 Z 13
Domain decomposition grid 4 x 4 x 1, separate PME ranks 4
PME domain decomposition: 4 x 1 x 1
Interleaving PP and PME ranks
This rank does only particle-particle work.
Domain decomposition rank 0, coordinates 0 0 0

The initial number of communication pulses is: X 2 Y 2
The initial domain decomposition cell size is: X 1.25 nm Y 1.25 nm

When dynamic load balancing gets turned on, these settings will change to:
The maximum number of communication pulses is: X 2 Y 2
The minimum size for domain decomposition cells is 0.727 nm
The requested allowed shrink of DD cells (option -dds) is: 0.80
The allowed shrink of domain decomposition cells is: X 0.58 Y 0.58

Using 20 MPI processes

Non-default thread affinity set, disabling internal thread affinity
System total charge: 0.000
Will do PME sum in reciprocal space for electrostatic interactions.

++++ PLEASE READ AND CITE THE FOLLOWING REFERENCE ++++
U. Essmann, L. Perera, M. L. Berkowitz, T. Darden, H. Lee and L. G. Pedersen 
A smooth particle mesh Ewald method
J. Chem. Phys. 103 (1995) pp. 8577-8592
-------- -------- --- Thank You --- -------- --------

Using a Gaussian width (1/beta) of 0.384195 nm for Ewald
Potential shift: LJ r^-12: -2.648e-01 r^-6: -5.349e-01, Ewald -8.333e-06
Initialized non-bonded Ewald tables, spacing: 1.02e-03 size: 1176


Using SIMD 4x8 nonbonded short-range kernels

Using a dual 4x8 pair-list setup updated with dynamic pruning:
  outer list: updated every 100 steps, buffer 0.097 nm, rlist 1.297 nm
  inner list: updated every  23 steps, buffer 0.001 nm, rlist 1.201 nm
At tolerance 0.005 kJ/mol/ps per atom, equivalent classical 1x1 list would be:
  outer list: updated every 100 steps, buffer 0.227 nm, rlist 1.427 nm
  inner list: updated every  23 steps, buffer 0.046 nm, rlist 1.246 nm

Removing pbc first time

++++ PLEASE READ AND CITE THE FOLLOWING REFERENCE ++++
S. Miyamoto and P. A. Kollman
SETTLE: An Analytical Version of the SHAKE and RATTLE Algorithms for Rigid
Water Models
J. Comp. Chem. 13 (1992) pp. 952-962
-------- -------- --- Thank You --- -------- --------


Linking all bonded interactions to atoms


Intra-simulation communication will occur every 20 steps.
There are: 11642 Atoms
Atom distribution over 16 domains: av 727 stddev 36 min 703 max 775

Constraining the starting coordinates (step 0)

Constraining the coordinates at t0-dt (step 0)
Center of mass motion removal mode is Linear
We have the following groups for center of mass motion removal:
  0:  SOLV
RMS relative constraint deviation after constraining: 0.00e+00
Initial temperature: 299.108 K

Started mdrun on rank 0 Thu Oct  5 15:44:57 2023

           Step           Time
              0        0.00000

   Energies (kJ/mol)
        LJ (SR)   Coulomb (SR)   Coul. recip.      Potential    Kinetic En.
    2.65755e+04   -2.14773e+05    6.77143e+02   -1.87521e+05    2.89665e+04
   Total Energy  Conserved En.    Temperature Pressure (bar)
   -1.58554e+05   -1.58554e+05    2.99109e+02   -1.34020e+03


DD  step 99 load imb.: force  6.7%  pme mesh/force 0.694

step 200 Turning on dynamic load balancing, because the performance loss due to load imbalance is 3.1 %.

DD  step 999  vol min/aver 0.927  load imb.: force  4.1%  pme mesh/force 0.704
           Step           Time
           1000        1.00000

   Energies (kJ/mol)
        LJ (SR)   Coulomb (SR)   Coul. recip.      Potential    Kinetic En.
    1.74123e+04   -1.86410e+05    4.97659e+02   -1.68500e+05    2.20420e+04
   Total Energy  Conserved En.    Temperature Pressure (bar)
   -1.46458e+05   -1.56712e+05    2.27606e+02   -2.36573e+03


DD  step 1999  vol min/aver 0.932  load imb.: force  2.3%  pme mesh/force 0.701
           Step           Time
           2000        2.00000

   Energies (kJ/mol)
        LJ (SR)   Coulomb (SR)   Coul. recip.      Potential    Kinetic En.
    1.65516e+04   -1.80087e+05    5.71992e+02   -1.62964e+05    2.64615e+04
   Total Energy  Conserved En.    Temperature Pressure (bar)
   -1.36502e+05   -1.56178e+05    2.73242e+02   -1.77863e+03


DD  step 2999  vol min/aver 0.959  load imb.: force  2.2%  pme mesh/force 0.690
           Step           Time
           3000        3.00000

   Energies (kJ/mol)
        LJ (SR)   Coulomb (SR)   Coul. recip.      Potential    Kinetic En.
    1.63495e+04   -1.76607e+05    5.98012e+02   -1.59660e+05    2.88119e+04
   Total Energy  Conserved En.    Temperature Pressure (bar)
   -1.30848e+05   -1.55838e+05    2.97513e+02   -1.19369e+03


DD  step 3999  vol min/aver 0.957  load imb.: force  3.0%  pme mesh/force 0.695
           Step           Time
           4000        4.00000

   Energies (kJ/mol)
        LJ (SR)   Coulomb (SR)   Coul. recip.      Potential    Kinetic En.
    1.61888e+04   -1.76612e+05    6.03629e+02   -1.59819e+05    2.97157e+04
   Total Energy  Conserved En.    Temperature Pressure (bar)
   -1.30104e+05   -1.55564e+05    3.06845e+02   -1.36749e+03


DD  step 4999  vol min/aver 0.952  load imb.: force  9.2%  pme mesh/force 0.771
           Step           Time
           5000        5.00000

   Energies (kJ/mol)
        LJ (SR)   Coulomb (SR)   Coul. recip.      Potential    Kinetic En.
    1.73230e+04   -1.78024e+05    5.48429e+02   -1.60153e+05    2.92146e+04
   Total Energy  Conserved En.    Temperature Pressure (bar)
   -1.30938e+05   -1.55468e+05    3.01670e+02   -8.56153e+02


DD  step 5999  vol min/aver 0.938  load imb.: force  3.4%  pme mesh/force 0.699
           Step           Time
           6000        6.00000

   Energies (kJ/mol)
        LJ (SR)   Coulomb (SR)   Coul. recip.      Potential    Kinetic En.
    1.67209e+04   -1.78355e+05    5.69383e+02   -1.61065e+05    2.94786e+04
   Total Energy  Conserved En.    Temperature Pressure (bar)
   -1.31586e+05   -1.55436e+05    3.04397e+02   -1.23022e+03


DD  step 6999  vol min/aver 0.963  load imb.: force  2.4%  pme mesh/force 0.695
           Step           Time
           7000        7.00000

   Energies (kJ/mol)
        LJ (SR)   Coulomb (SR)   Coul. recip.      Potential    Kinetic En.
    1.72491e+04   -1.78583e+05    5.77130e+02   -1.60756e+05    2.90005e+04
   Total Energy  Conserved En.    Temperature Pressure (bar)
   -1.31756e+05   -1.55424e+05    2.99460e+02   -1.03053e+03


DD  step 7999  vol min/aver 0.949  load imb.: force  3.9%  pme mesh/force 0.690
           Step           Time
           8000        8.00000

   Energies (kJ/mol)
        LJ (SR)   Coulomb (SR)   Coul. recip.      Potential    Kinetic En.
    1.74199e+04   -1.79629e+05    5.51384e+02   -1.61658e+05    2.94466e+04
   Total Energy  Conserved En.    Temperature Pressure (bar)
   -1.32211e+05   -1.55454e+05    3.04066e+02   -9.67171e+02


DD  step 8999  vol min/aver 0.946  load imb.: force  3.4%  pme mesh/force 0.699
           Step           Time
           9000        9.00000

   Energies (kJ/mol)
        LJ (SR)   Coulomb (SR)   Coul. recip.      Potential    Kinetic En.
    1.61294e+04   -1.77193e+05    5.47946e+02   -1.60515e+05    2.91534e+04
   Total Energy  Conserved En.    Temperature Pressure (bar)
   -1.31362e+05   -1.55411e+05    3.01039e+02   -1.51512e+03


DD  step 9999  vol min/aver 0.960  load imb.: force  3.2%  pme mesh/force 0.707
           Step           Time
          10000       10.00000

   Energies (kJ/mol)
        LJ (SR)   Coulomb (SR)   Coul. recip.      Potential    Kinetic En.
    1.69504e+04   -1.78441e+05    5.52594e+02   -1.60938e+05    2.89062e+04
   Total Energy  Conserved En.    Temperature Pressure (bar)
   -1.32032e+05   -1.55376e+05    2.98486e+02   -1.15163e+03


DD  step 10999  vol min/aver 0.916  load imb.: force  2.7%  pme mesh/force 0.689
           Step           Time
          11000       11.00000

   Energies (kJ/mol)
        LJ (SR)   Coulomb (SR)   Coul. recip.      Potential    Kinetic En.
    1.65782e+04   -1.78706e+05    5.54274e+02   -1.61574e+05    2.86861e+04
   Total Energy  Conserved En.    Temperature Pressure (bar)
   -1.32888e+05   -1.55410e+05    2.96214e+02   -1.44459e+03


DD  step 11999  vol min/aver 0.933  load imb.: force  4.3%  pme mesh/force 0.699
           Step           Time
          12000       12.00000

   Energies (kJ/mol)
        LJ (SR)   Coulomb (SR)   Coul. recip.      Potential    Kinetic En.
    1.73665e+04   -1.79616e+05    5.76854e+02   -1.61672e+05    2.85573e+04
   Total Energy  Conserved En.    Temperature Pressure (bar)
   -1.33115e+05   -1.55441e+05    2.94883e+02   -1.08444e+03


DD  step 12999  vol min/aver 0.932  load imb.: force  3.9%  pme mesh/force 0.683
           Step           Time
          13000       13.00000

   Energies (kJ/mol)
        LJ (SR)   Coulomb (SR)   Coul. recip.      Potential    Kinetic En.
    1.72685e+04   -1.79541e+05    5.53013e+02   -1.61719e+05    2.91128e+04
   Total Energy  Conserved En.    Temperature Pressure (bar)
   -1.32606e+05   -1.55430e+05    3.00619e+02   -1.04874e+03


DD  step 13999  vol min/aver 0.944  load imb.: force  3.2%  pme mesh/force 0.700
           Step           Time
          14000       14.00000

   Energies (kJ/mol)
        LJ (SR)   Coulomb (SR)   Coul. recip.      Potential    Kinetic En.
    1.65152e+04   -1.78767e+05    5.49734e+02   -1.61702e+05    2.92890e+04
   Total Energy  Conserved En.    Temperature Pressure (bar)
   -1.32413e+05   -1.55447e+05    3.02439e+02   -1.47190e+03


DD  step 14999  vol min/aver 0.952  load imb.: force  3.7%  pme mesh/force 0.685
           Step           Time
          15000       15.00000

   Energies (kJ/mol)
        LJ (SR)   Coulomb (SR)   Coul. recip.      Potential    Kinetic En.
    1.70630e+04   -1.78622e+05    5.81358e+02   -1.60978e+05    2.90691e+04
   Total Energy  Conserved En.    Temperature Pressure (bar)
   -1.31909e+05   -1.55474e+05    3.00169e+02   -1.04937e+03


DD  step 15999  vol min/aver 0.935  load imb.: force  3.2%  pme mesh/force 0.694
           Step           Time
          16000       16.00000

   Energies (kJ/mol)
        LJ (SR)   Coulomb (SR)   Coul. recip.      Potential    Kinetic En.
    1.70711e+04   -1.78198e+05    6.04715e+02   -1.60522e+05    2.92244e+04
   Total Energy  Conserved En.    Temperature Pressure (bar)
   -1.31298e+05   -1.55483e+05    3.01772e+02   -9.85215e+02


DD  step 16999  vol min/aver 0.924  load imb.: force  3.6%  pme mesh/force 0.691
           Step           Time
          17000       17.00000

   Energies (kJ/mol)
        LJ (SR)   Coulomb (SR)   Coul. recip.      Potential    Kinetic En.
    1.77776e+04   -1.79136e+05    5.40389e+02   -1.60818e+05    2.89429e+04
   Total Energy  Conserved En.    Temperature Pressure (bar)
   -1.31875e+05   -1.55437e+05    2.98865e+02   -6.84288e+02


DD  step 17999  vol min/aver 0.932  load imb.: force  3.3%  pme mesh/force 0.686
           Step           Time
          18000       18.00000

   Energies (kJ/mol)
        LJ (SR)   Coulomb (SR)   Coul. recip.      Potential    Kinetic En.
    1.75571e+04   -1.79105e+05    5.57164e+02   -1.60991e+05    2.92007e+04
   Total Energy  Conserved En.    Temperature Pressure (bar)
   -1.31791e+05   -1.55419e+05    3.01527e+02   -7.96062e+02


DD  step 18999  vol min/aver 0.916  load imb.: force  3.2%  pme mesh/force 0.695
           Step           Time
          19000       19.00000

   Energies (kJ/mol)
        LJ (SR)   Coulomb (SR)   Coul. recip.      Potential    Kinetic En.
    1.75814e+04   -1.78858e+05    5.66790e+02   -1.60710e+05    2.87862e+04
   Total Energy  Conserved En.    Temperature Pressure (bar)
   -1.31923e+05   -1.55402e+05    2.97247e+02   -8.36885e+02


DD  step 19999  vol min/aver 0.931  load imb.: force  2.6%  pme mesh/force 0.700
           Step           Time
          20000       20.00000

   Energies (kJ/mol)
        LJ (SR)   Coulomb (SR)   Coul. recip.      Potential    Kinetic En.
    1.72701e+04   -1.79027e+05    5.78850e+02   -1.61178e+05    2.98769e+04
   Total Energy  Conserved En.    Temperature Pressure (bar)
   -1.31301e+05   -1.55373e+05    3.08509e+02   -1.02081e+03


DD  step 20999  vol min/aver 0.960  load imb.: force  3.7%  pme mesh/force 0.704
           Step           Time
          21000       21.00000

   Energies (kJ/mol)
        LJ (SR)   Coulomb (SR)   Coul. recip.      Potential    Kinetic En.
    1.73411e+04   -1.79094e+05    5.66089e+02   -1.61187e+05    2.91052e+04
   Total Energy  Conserved En.    Temperature Pressure (bar)
   -1.32082e+05   -1.55379e+05    3.00541e+02   -9.86235e+02


DD  step 21999  vol min/aver 0.945  load imb.: force  2.8%  pme mesh/force 0.697
           Step           Time
          22000       22.00000

   Energies (kJ/mol)
        LJ (SR)   Coulomb (SR)   Coul. recip.      Potential    Kinetic En.
    1.75891e+04   -1.79034e+05    5.58418e+02   -1.60887e+05    2.92093e+04
   Total Energy  Conserved En.    Temperature Pressure (bar)
   -1.31677e+05   -1.55434e+05    3.01616e+02   -7.71315e+02


DD  step 22999  vol min/aver 0.957  load imb.: force  2.1%  pme mesh/force 0.707
           Step           Time
          23000       23.00000

   Energies (kJ/mol)
        LJ (SR)   Coulomb (SR)   Coul. recip.      Potential    Kinetic En.
    1.70441e+04   -1.78967e+05    5.91589e+02   -1.61331e+05    2.91072e+04
   Total Energy  Conserved En.    Temperature Pressure (bar)
   -1.32224e+05   -1.55429e+05    3.00562e+02   -1.15334e+03


DD  step 23999  vol min/aver 0.948  load imb.: force  4.8%  pme mesh/force 0.676
           Step           Time
          24000       24.00000

   Energies (kJ/mol)
        LJ (SR)   Coulomb (SR)   Coul. recip.      Potential    Kinetic En.
    1.77556e+04   -1.79773e+05    5.80656e+02   -1.61437e+05    2.93578e+04
   Total Energy  Conserved En.    Temperature Pressure (bar)
   -1.32079e+05   -1.55422e+05    3.03149e+02   -7.67766e+02


DD  step 24999  vol min/aver 0.922  load imb.: force  2.8%  pme mesh/force 0.701
           Step           Time
          25000       25.00000

   Energies (kJ/mol)
        LJ (SR)   Coulomb (SR)   Coul. recip.      Potential    Kinetic En.
    1.76923e+04   -1.79855e+05    5.38394e+02   -1.61624e+05    2.92144e+04
   Total Energy  Conserved En.    Temperature Pressure (bar)
   -1.32410e+05   -1.55422e+05    3.01668e+02   -8.66216e+02


DD  step 25999  vol min/aver 0.949  load imb.: force  4.0%  pme mesh/force 0.708
           Step           Time
          26000       26.00000

   Energies (kJ/mol)
        LJ (SR)   Coulomb (SR)   Coul. recip.      Potential    Kinetic En.
    1.70049e+04   -1.78785e+05    5.79583e+02   -1.61200e+05    2.89591e+04
   Total Energy  Conserved En.    Temperature Pressure (bar)
   -1.32241e+05   -1.55444e+05    2.99033e+02   -1.10791e+03


DD  step 26999  vol min/aver 0.953  load imb.: force  3.8%  pme mesh/force 0.692
           Step           Time
          27000       27.00000

   Energies (kJ/mol)
        LJ (SR)   Coulomb (SR)   Coul. recip.      Potential    Kinetic En.
    1.69024e+04   -1.78336e+05    5.46036e+02   -1.60887e+05    2.91467e+04
   Total Energy  Conserved En.    Temperature Pressure (bar)
   -1.31740e+05   -1.55456e+05    3.00970e+02   -1.19772e+03


DD  step 27999  vol min/aver 0.937  load imb.: force  2.6%  pme mesh/force 0.697
           Step           Time
          28000       28.00000

   Energies (kJ/mol)
        LJ (SR)   Coulomb (SR)   Coul. recip.      Potential    Kinetic En.
    1.67998e+04   -1.78925e+05    5.45148e+02   -1.61580e+05    2.89850e+04
   Total Energy  Conserved En.    Temperature Pressure (bar)
   -1.32595e+05   -1.55425e+05    2.99300e+02   -1.31318e+03


DD  step 28999  vol min/aver 0.934  load imb.: force  4.0%  pme mesh/force 0.687
           Step           Time
          29000       29.00000

   Energies (kJ/mol)
        LJ (SR)   Coulomb (SR)   Coul. recip.      Potential    Kinetic En.
    1.72208e+04   -1.78916e+05    5.54605e+02   -1.61140e+05    2.86586e+04
   Total Energy  Conserved En.    Temperature Pressure (bar)
   -1.32482e+05   -1.55419e+05    2.95930e+02   -1.05623e+03


DD  step 29999  vol min/aver 0.931  load imb.: force  3.7%  pme mesh/force 0.685
           Step           Time
          30000       30.00000

   Energies (kJ/mol)
        LJ (SR)   Coulomb (SR)   Coul. recip.      Potential    Kinetic En.
    1.66702e+04   -1.78703e+05    5.74339e+02   -1.61458e+05    2.94143e+04
   Total Energy  Conserved En.    Temperature Pressure (bar)
   -1.32044e+05   -1.55434e+05    3.03733e+02   -1.38148e+03


DD  step 30999  vol min/aver 0.957  load imb.: force  2.9%  pme mesh/force 0.696
           Step           Time
          31000       31.00000

   Energies (kJ/mol)
        LJ (SR)   Coulomb (SR)   Coul. recip.      Potential    Kinetic En.
    1.64444e+04   -1.78034e+05    5.68127e+02   -1.61022e+05    2.89204e+04
   Total Energy  Conserved En.    Temperature Pressure (bar)
   -1.32101e+05   -1.55423e+05    2.98633e+02   -1.37054e+03


DD  step 31999  vol min/aver 0.952  load imb.: force  3.1%  pme mesh/force 0.694
           Step           Time
          32000       32.00000

   Energies (kJ/mol)
        LJ (SR)   Coulomb (SR)   Coul. recip.      Potential    Kinetic En.
    1.71211e+04   -1.79106e+05    5.65976e+02   -1.61419e+05    2.90196e+04
   Total Energy  Conserved En.    Temperature Pressure (bar)
   -1.32399e+05   -1.55450e+05    2.99657e+02   -1.09251e+03


DD  step 32999  vol min/aver 0.929  load imb.: force  2.9%  pme mesh/force 0.703
           Step           Time
          33000       33.00000

   Energies (kJ/mol)
        LJ (SR)   Coulomb (SR)   Coul. recip.      Potential    Kinetic En.
    1.68251e+04   -1.78692e+05    5.27839e+02   -1.61339e+05    2.90531e+04
   Total Energy  Conserved En.    Temperature Pressure (bar)
   -1.32286e+05   -1.55437e+05    3.00003e+02   -1.20007e+03


DD  step 33999  vol min/aver 0.924  load imb.: force  2.2%  pme mesh/force 0.703
           Step           Time
          34000       34.00000

   Energies (kJ/mol)
        LJ (SR)   Coulomb (SR)   Coul. recip.      Potential    Kinetic En.
    1.72910e+04   -1.79302e+05    5.87412e+02   -1.61423e+05    2.86882e+04
   Total Energy  Conserved En.    Temperature Pressure (bar)
   -1.32735e+05   -1.55386e+05    2.96235e+02   -1.06200e+03


DD  step 34999  vol min/aver 0.924  load imb.: force  3.0%  pme mesh/force 0.696
           Step           Time
          35000       35.00000

   Energies (kJ/mol)
        LJ (SR)   Coulomb (SR)   Coul. recip.      Potential    Kinetic En.
    1.70287e+04   -1.79286e+05    5.55733e+02   -1.61702e+05    2.91637e+04
   Total Energy  Conserved En.    Temperature Pressure (bar)
   -1.32538e+05   -1.55395e+05    3.01146e+02   -1.24032e+03


DD  step 35999  vol min/aver 0.936  load imb.: force  2.3%  pme mesh/force 0.692
           Step           Time
          36000       36.00000

   Energies (kJ/mol)
        LJ (SR)   Coulomb (SR)   Coul. recip.      Potential    Kinetic En.
    1.71974e+04   -1.79269e+05    5.49281e+02   -1.61522e+05    2.91207e+04
   Total Energy  Conserved En.    Temperature Pressure (bar)
   -1.32401e+05   -1.55398e+05    3.00701e+02   -1.06902e+03


DD  step 36999  vol min/aver 0.947  load imb.: force  1.7%  pme mesh/force 0.701
           Step           Time
          37000       37.00000

   Energies (kJ/mol)
        LJ (SR)   Coulomb (SR)   Coul. recip.      Potential    Kinetic En.
    1.69803e+04   -1.78850e+05    5.93290e+02   -1.61276e+05    2.89999e+04
   Total Energy  Conserved En.    Temperature Pressure (bar)
   -1.32276e+05   -1.55410e+05    2.99454e+02   -1.15246e+03


DD  step 37999  vol min/aver 0.929  load imb.: force  2.5%  pme mesh/force 0.698
           Step           Time
          38000       38.00000

   Energies (kJ/mol)
        LJ (SR)   Coulomb (SR)   Coul. recip.      Potential    Kinetic En.
    1.76775e+04   -1.79578e+05    5.96194e+02   -1.61304e+05    2.92122e+04
   Total Energy  Conserved En.    Temperature Pressure (bar)
   -1.32092e+05   -1.55400e+05    3.01646e+02   -8.07864e+02


DD  step 38999  vol min/aver 0.948  load imb.: force  3.3%  pme mesh/force 0.696
           Step           Time
          39000       39.00000

   Energies (kJ/mol)
        LJ (SR)   Coulomb (SR)   Coul. recip.      Potential    Kinetic En.
    1.74032e+04   -1.79433e+05    5.52935e+02   -1.61477e+05    2.88852e+04
   Total Energy  Conserved En.    Temperature Pressure (bar)
   -1.32592e+05   -1.55398e+05    2.98269e+02   -9.75551e+02


DD  step 39999  vol min/aver 0.931  load imb.: force  4.5%  pme mesh/force 0.686
           Step           Time
          40000       40.00000

   Energies (kJ/mol)
        LJ (SR)   Coulomb (SR)   Coul. recip.      Potential    Kinetic En.
    1.77417e+04   -1.79780e+05    5.93457e+02   -1.61445e+05    2.90739e+04
   Total Energy  Conserved En.    Temperature Pressure (bar)
   -1.32371e+05   -1.55428e+05    3.00218e+02   -8.61567e+02


DD  step 40999  vol min/aver 0.936  load imb.: force  3.9%  pme mesh/force 0.696
           Step           Time
          41000       41.00000

   Energies (kJ/mol)
        LJ (SR)   Coulomb (SR)   Coul. recip.      Potential    Kinetic En.
    1.72819e+04   -1.79601e+05    5.85791e+02   -1.61734e+05    2.94028e+04
   Total Energy  Conserved En.    Temperature Pressure (bar)
   -1.32331e+05   -1.55426e+05    3.03614e+02   -1.05618e+03


DD  step 41999  vol min/aver 0.943  load imb.: force  2.4%  pme mesh/force 0.710
           Step           Time
          42000       42.00000

   Energies (kJ/mol)
        LJ (SR)   Coulomb (SR)   Coul. recip.      Potential    Kinetic En.
    1.73059e+04   -1.78977e+05    5.70384e+02   -1.61101e+05    2.97125e+04
   Total Energy  Conserved En.    Temperature Pressure (bar)
   -1.31388e+05   -1.55408e+05    3.06812e+02   -9.69887e+02


DD  step 42999  vol min/aver 0.899  load imb.: force  2.4%  pme mesh/force 0.701
           Step           Time
          43000       43.00000

   Energies (kJ/mol)
        LJ (SR)   Coulomb (SR)   Coul. recip.      Potential    Kinetic En.
    1.69452e+04   -1.78844e+05    5.30294e+02   -1.61369e+05    2.94563e+04
   Total Energy  Conserved En.    Temperature Pressure (bar)
   -1.31913e+05   -1.55393e+05    3.04166e+02   -1.16231e+03


DD  step 43999  vol min/aver 0.950  load imb.: force  2.7%  pme mesh/force 0.699
           Step           Time
          44000       44.00000

   Energies (kJ/mol)
        LJ (SR)   Coulomb (SR)   Coul. recip.      Potential    Kinetic En.
    1.65569e+04   -1.78813e+05    5.63538e+02   -1.61693e+05    2.89382e+04
   Total Energy  Conserved En.    Temperature Pressure (bar)
   -1.32755e+05   -1.55394e+05    2.98817e+02   -1.43396e+03


DD  step 44999  vol min/aver 0.941  load imb.: force  2.5%  pme mesh/force 0.695
           Step           Time
          45000       45.00000

   Energies (kJ/mol)
        LJ (SR)   Coulomb (SR)   Coul. recip.      Potential    Kinetic En.
    1.69132e+04   -1.78593e+05    5.58907e+02   -1.61121e+05    2.89351e+04
   Total Energy  Conserved En.    Temperature Pressure (bar)
   -1.32186e+05   -1.55400e+05    2.98785e+02   -1.22937e+03


DD  step 45999  vol min/aver 0.961  load imb.: force  2.3%  pme mesh/force 0.702
           Step           Time
          46000       46.00000

   Energies (kJ/mol)
        LJ (SR)   Coulomb (SR)   Coul. recip.      Potential    Kinetic En.
    1.75782e+04   -1.79549e+05    5.77543e+02   -1.61393e+05    2.90548e+04
   Total Energy  Conserved En.    Temperature Pressure (bar)
   -1.32338e+05   -1.55373e+05    3.00021e+02   -9.00275e+02


DD  step 46999  vol min/aver 0.945  load imb.: force  3.1%  pme mesh/force 0.711
           Step           Time
          47000       47.00000

   Energies (kJ/mol)
        LJ (SR)   Coulomb (SR)   Coul. recip.      Potential    Kinetic En.
    1.68339e+04   -1.78402e+05    5.97604e+02   -1.60970e+05    2.91825e+04
   Total Energy  Conserved En.    Temperature Pressure (bar)
   -1.31788e+05   -1.55388e+05    3.01339e+02   -1.14282e+03


DD  step 47999  vol min/aver 0.957  load imb.: force  2.9%  pme mesh/force 0.691
           Step           Time
          48000       48.00000

   Energies (kJ/mol)
        LJ (SR)   Coulomb (SR)   Coul. recip.      Potential    Kinetic En.
    1.69041e+04   -1.78171e+05    5.73058e+02   -1.60694e+05    2.96654e+04
   Total Energy  Conserved En.    Temperature Pressure (bar)
   -1.31029e+05   -1.55356e+05    3.06326e+02   -1.09906e+03


DD  step 48999  vol min/aver 0.934  load imb.: force  3.1%  pme mesh/force 0.699
           Step           Time
          49000       49.00000

   Energies (kJ/mol)
        LJ (SR)   Coulomb (SR)   Coul. recip.      Potential    Kinetic En.
    1.66816e+04   -1.78148e+05    5.46836e+02   -1.60920e+05    2.88039e+04
   Total Energy  Conserved En.    Temperature Pressure (bar)
   -1.32116e+05   -1.55360e+05    2.97430e+02   -1.28254e+03


DD  step 49999  vol min/aver 0.940  load imb.: force  2.9%  pme mesh/force 0.695
           Step           Time
          50000       50.00000

   Energies (kJ/mol)
        LJ (SR)   Coulomb (SR)   Coul. recip.      Potential    Kinetic En.
    1.74646e+04   -1.79725e+05    5.48422e+02   -1.61712e+05    2.89345e+04
   Total Energy  Conserved En.    Temperature Pressure (bar)
   -1.32778e+05   -1.55335e+05    2.98779e+02   -1.02698e+03


DD  step 50999  vol min/aver 0.966  load imb.: force  4.1%  pme mesh/force 0.690
           Step           Time
          51000       51.00000

   Energies (kJ/mol)
        LJ (SR)   Coulomb (SR)   Coul. recip.      Potential    Kinetic En.
    1.72810e+04   -1.79109e+05    5.53807e+02   -1.61275e+05    2.89036e+04
   Total Energy  Conserved En.    Temperature Pressure (bar)
   -1.32371e+05   -1.55340e+05    2.98459e+02   -1.01349e+03


DD  step 51999  vol min/aver 0.948  load imb.: force  2.7%  pme mesh/force 0.695
           Step           Time
          52000       52.00000

   Energies (kJ/mol)
        LJ (SR)   Coulomb (SR)   Coul. recip.      Potential    Kinetic En.
    1.72089e+04   -1.79407e+05    5.79839e+02   -1.61618e+05    2.89406e+04
   Total Energy  Conserved En.    Temperature Pressure (bar)
   -1.32678e+05   -1.55399e+05    2.98841e+02   -1.10734e+03


DD  step 52999  vol min/aver 0.930  load imb.: force  3.5%  pme mesh/force 0.693
           Step           Time
          53000       53.00000

   Energies (kJ/mol)
        LJ (SR)   Coulomb (SR)   Coul. recip.      Potential    Kinetic En.
    1.66381e+04   -1.78442e+05    5.57570e+02   -1.61246e+05    2.90357e+04
   Total Energy  Conserved En.    Temperature Pressure (bar)
   -1.32211e+05   -1.55372e+05    2.99823e+02   -1.34319e+03


DD  step 53999  vol min/aver 0.933  load imb.: force  3.1%  pme mesh/force 0.698
           Step           Time
          54000       54.00000

   Energies (kJ/mol)
        LJ (SR)   Coulomb (SR)   Coul. recip.      Potential    Kinetic En.
    1.65962e+04   -1.78337e+05    5.45616e+02   -1.61196e+05    2.90838e+04
   Total Energy  Conserved En.    Temperature Pressure (bar)
   -1.32112e+05   -1.55373e+05    3.00320e+02   -1.30628e+03


DD  step 54999  vol min/aver 0.912  load imb.: force  3.0%  pme mesh/force 0.693
           Step           Time
          55000       55.00000

   Energies (kJ/mol)
        LJ (SR)   Coulomb (SR)   Coul. recip.      Potential    Kinetic En.
    1.71754e+04   -1.79143e+05    5.71926e+02   -1.61395e+05    2.87558e+04
   Total Energy  Conserved En.    Temperature Pressure (bar)
   -1.32640e+05   -1.55309e+05    2.96933e+02   -1.09204e+03


DD  step 55999  vol min/aver 0.954  load imb.: force  2.4%  pme mesh/force 0.703
           Step           Time
          56000       56.00000

   Energies (kJ/mol)
        LJ (SR)   Coulomb (SR)   Coul. recip.      Potential    Kinetic En.
    1.71691e+04   -1.79188e+05    5.43339e+02   -1.61475e+05    2.88306e+04
   Total Energy  Conserved En.    Temperature Pressure (bar)
   -1.32645e+05   -1.55355e+05    2.97706e+02   -1.13914e+03


DD  step 56999  vol min/aver 0.925  load imb.: force  3.1%  pme mesh/force 0.697
           Step           Time
          57000       57.00000

   Energies (kJ/mol)
        LJ (SR)   Coulomb (SR)   Coul. recip.      Potential    Kinetic En.
    1.73894e+04   -1.79432e+05    5.84432e+02   -1.61458e+05    2.90654e+04
   Total Energy  Conserved En.    Temperature Pressure (bar)
   -1.32393e+05   -1.55363e+05    3.00130e+02   -1.00477e+03


DD  step 57999  vol min/aver 0.930  load imb.: force  4.5%  pme mesh/force 0.684
           Step           Time
          58000       58.00000

   Energies (kJ/mol)
        LJ (SR)   Coulomb (SR)   Coul. recip.      Potential    Kinetic En.
    1.71424e+04   -1.78611e+05    5.57887e+02   -1.60911e+05    2.86619e+04
   Total Energy  Conserved En.    Temperature Pressure (bar)
   -1.32249e+05   -1.55368e+05    2.95964e+02   -1.07160e+03


DD  step 58999  vol min/aver 0.944  load imb.: force  3.4%  pme mesh/force 0.700
           Step           Time
          59000       59.00000

   Energies (kJ/mol)
        LJ (SR)   Coulomb (SR)   Coul. recip.      Potential    Kinetic En.
    1.78822e+04   -1.79930e+05    5.50389e+02   -1.61497e+05    2.87043e+04
   Total Energy  Conserved En.    Temperature Pressure (bar)
   -1.32793e+05   -1.55359e+05    2.96401e+02   -7.67313e+02


DD  step 59999  vol min/aver 0.931  load imb.: force  2.3%  pme mesh/force 0.695
           Step           Time
          60000       60.00000

   Energies (kJ/mol)
        LJ (SR)   Coulomb (SR)   Coul. recip.      Potential    Kinetic En.
    1.75145e+04   -1.78951e+05    5.53691e+02   -1.60882e+05    2.87805e+04
   Total Energy  Conserved En.    Temperature Pressure (bar)
   -1.32102e+05   -1.55357e+05    2.97188e+02   -7.93750e+02


DD  step 60999  vol min/aver 0.950  load imb.: force  3.2%  pme mesh/force 0.706
           Step           Time
          61000       61.00000

   Energies (kJ/mol)
        LJ (SR)   Coulomb (SR)   Coul. recip.      Potential    Kinetic En.
    1.72330e+04   -1.78636e+05    6.06221e+02   -1.60796e+05    2.87476e+04
   Total Energy  Conserved En.    Temperature Pressure (bar)
   -1.32049e+05   -1.55359e+05    2.96849e+02   -9.76743e+02


DD  step 61999  vol min/aver 0.937  load imb.: force  2.6%  pme mesh/force 0.699
           Step           Time
          62000       62.00000

   Energies (kJ/mol)
        LJ (SR)   Coulomb (SR)   Coul. recip.      Potential    Kinetic En.
    1.72364e+04   -1.79303e+05    5.69210e+02   -1.61497e+05    2.92327e+04
   Total Energy  Conserved En.    Temperature Pressure (bar)
   -1.32264e+05   -1.55367e+05    3.01857e+02   -1.05099e+03


DD  step 62999  vol min/aver 0.950  load imb.: force  3.7%  pme mesh/force 0.695
           Step           Time
          63000       63.00000

   Energies (kJ/mol)
        LJ (SR)   Coulomb (SR)   Coul. recip.      Potential    Kinetic En.
    1.71289e+04   -1.79253e+05    5.31635e+02   -1.61593e+05    2.92889e+04
   Total Energy  Conserved En.    Temperature Pressure (bar)
   -1.32304e+05   -1.55409e+05    3.02438e+02   -1.11139e+03


DD  step 63999  vol min/aver 0.968  load imb.: force  4.5%  pme mesh/force 0.701
           Step           Time
          64000       64.00000

   Energies (kJ/mol)
        LJ (SR)   Coulomb (SR)   Coul. recip.      Potential    Kinetic En.
    1.73647e+04   -1.79607e+05    5.67622e+02   -1.61675e+05    2.96070e+04
   Total Energy  Conserved En.    Temperature Pressure (bar)
   -1.32068e+05   -1.55401e+05    3.05723e+02   -1.04900e+03


DD  step 64999  vol min/aver 0.924  load imb.: force  3.5%  pme mesh/force 0.697
           Step           Time
          65000       65.00000

   Energies (kJ/mol)
        LJ (SR)   Coulomb (SR)   Coul. recip.      Potential    Kinetic En.
    1.69412e+04   -1.78168e+05    6.04837e+02   -1.60622e+05    3.01231e+04
   Total Energy  Conserved En.    Temperature Pressure (bar)
   -1.30499e+05   -1.55398e+05    3.11052e+02   -1.04988e+03


DD  step 65999  vol min/aver 0.938  load imb.: force  3.1%  pme mesh/force 0.695
           Step           Time
          66000       66.00000

   Energies (kJ/mol)
        LJ (SR)   Coulomb (SR)   Coul. recip.      Potential    Kinetic En.
    1.70980e+04   -1.78670e+05    5.54667e+02   -1.61017e+05    2.94641e+04
   Total Energy  Conserved En.    Temperature Pressure (bar)
   -1.31553e+05   -1.55337e+05    3.04247e+02   -1.04722e+03


DD  step 66999  vol min/aver 0.920  load imb.: force  3.5%  pme mesh/force 0.694
           Step           Time
          67000       67.00000

   Energies (kJ/mol)
        LJ (SR)   Coulomb (SR)   Coul. recip.      Potential    Kinetic En.
    1.64863e+04   -1.77632e+05    5.71196e+02   -1.60574e+05    2.88397e+04
   Total Energy  Conserved En.    Temperature Pressure (bar)
   -1.31735e+05   -1.55317e+05    2.97799e+02   -1.32429e+03


DD  step 67999  vol min/aver 0.955  load imb.: force  2.9%  pme mesh/force 0.689
           Step           Time
          68000       68.00000

   Energies (kJ/mol)
        LJ (SR)   Coulomb (SR)   Coul. recip.      Potential    Kinetic En.
    1.70286e+04   -1.78675e+05    5.78224e+02   -1.61068e+05    2.91951e+04
   Total Energy  Conserved En.    Temperature Pressure (bar)
   -1.31873e+05   -1.55349e+05    3.01470e+02   -1.08996e+03


DD  step 68999  vol min/aver 0.921  load imb.: force  4.8%  pme mesh/force 0.692
           Step           Time
          69000       69.00000

   Energies (kJ/mol)
        LJ (SR)   Coulomb (SR)   Coul. recip.      Potential    Kinetic En.
    1.68083e+04   -1.78023e+05    5.94258e+02   -1.60621e+05    2.96794e+04
   Total Energy  Conserved En.    Temperature Pressure (bar)
   -1.30941e+05   -1.55339e+05    3.06471e+02   -1.13052e+03


DD  step 69999  vol min/aver 0.944  load imb.: force  2.6%  pme mesh/force 0.702
           Step           Time
          70000       70.00000

   Energies (kJ/mol)
        LJ (SR)   Coulomb (SR)   Coul. recip.      Potential    Kinetic En.
    1.65481e+04   -1.77850e+05    5.85021e+02   -1.60717e+05    2.94824e+04
   Total Energy  Conserved En.    Temperature Pressure (bar)
   -1.31234e+05   -1.55348e+05    3.04436e+02   -1.27270e+03


DD  step 70999  vol min/aver 0.954  load imb.: force  4.7%  pme mesh/force 0.702
           Step           Time
          71000       71.00000

   Energies (kJ/mol)
        LJ (SR)   Coulomb (SR)   Coul. recip.      Potential    Kinetic En.
    1.72931e+04   -1.78937e+05    5.61061e+02   -1.61083e+05    2.92736e+04
   Total Energy  Conserved En.    Temperature Pressure (bar)
   -1.31809e+05   -1.55313e+05    3.02279e+02   -9.83159e+02


DD  step 71999  vol min/aver 0.955  load imb.: force  3.7%  pme mesh/force 0.687
           Step           Time
          72000       72.00000

   Energies (kJ/mol)
        LJ (SR)   Coulomb (SR)   Coul. recip.      Potential    Kinetic En.
    1.69002e+04   -1.78453e+05    5.92484e+02   -1.60961e+05    2.87829e+04
   Total Energy  Conserved En.    Temperature Pressure (bar)
   -1.32178e+05   -1.55352e+05    2.97213e+02   -1.15031e+03


DD  step 72999  vol min/aver 0.956  load imb.: force  5.4%  pme mesh/force 0.682
           Step           Time
          73000       73.00000

   Energies (kJ/mol)
        LJ (SR)   Coulomb (SR)   Coul. recip.      Potential    Kinetic En.
    1.71486e+04   -1.78776e+05    5.86099e+02   -1.61041e+05    2.91528e+04
   Total Energy  Conserved En.    Temperature Pressure (bar)
   -1.31888e+05   -1.55314e+05    3.01033e+02   -1.00261e+03


DD  step 73999  vol min/aver 0.947  load imb.: force  3.1%  pme mesh/force 0.694
           Step           Time
          74000       74.00000

   Energies (kJ/mol)
        LJ (SR)   Coulomb (SR)   Coul. recip.      Potential    Kinetic En.
    1.63786e+04   -1.77551e+05    5.42292e+02   -1.60630e+05    2.91800e+04
   Total Energy  Conserved En.    Temperature Pressure (bar)
   -1.31450e+05   -1.55292e+05    3.01314e+02   -1.37042e+03


DD  step 74999  vol min/aver 0.955  load imb.: force  3.0%  pme mesh/force 0.689
           Step           Time
          75000       75.00000

   Energies (kJ/mol)
        LJ (SR)   Coulomb (SR)   Coul. recip.      Potential    Kinetic En.
    1.65655e+04   -1.77850e+05    5.64637e+02   -1.60720e+05    2.89621e+04
   Total Energy  Conserved En.    Temperature Pressure (bar)
   -1.31758e+05   -1.55255e+05    2.99063e+02   -1.26153e+03


DD  step 75999  vol min/aver 0.960  load imb.: force  2.6%  pme mesh/force 0.703
           Step           Time
          76000       76.00000

   Energies (kJ/mol)
        LJ (SR)   Coulomb (SR)   Coul. recip.      Potential    Kinetic En.
    1.69165e+04   -1.78427e+05    5.49143e+02   -1.60961e+05    2.89848e+04
   Total Energy  Conserved En.    Temperature Pressure (bar)
   -1.31976e+05   -1.55247e+05    2.99298e+02   -1.16795e+03


DD  step 76999  vol min/aver 0.942  load imb.: force  2.5%  pme mesh/force 0.694
           Step           Time
          77000       77.00000

   Energies (kJ/mol)
        LJ (SR)   Coulomb (SR)   Coul. recip.      Potential    Kinetic En.
    1.67476e+04   -1.78969e+05    5.59469e+02   -1.61662e+05    2.91697e+04
   Total Energy  Conserved En.    Temperature Pressure (bar)
   -1.32492e+05   -1.55279e+05    3.01207e+02   -1.31944e+03


DD  step 77999  vol min/aver 0.935  load imb.: force  3.6%  pme mesh/force 0.709
           Step           Time
          78000       78.00000

   Energies (kJ/mol)
        LJ (SR)   Coulomb (SR)   Coul. recip.      Potential    Kinetic En.
    1.65651e+04   -1.77995e+05    5.96520e+02   -1.60833e+05    2.86759e+04
   Total Energy  Conserved En.    Temperature Pressure (bar)
   -1.32157e+05   -1.55307e+05    2.96108e+02   -1.38287e+03


DD  step 78999  vol min/aver 0.947  load imb.: force  2.9%  pme mesh/force 0.700
           Step           Time
          79000       79.00000

   Energies (kJ/mol)
        LJ (SR)   Coulomb (SR)   Coul. recip.      Potential    Kinetic En.
    1.64222e+04   -1.78296e+05    5.30667e+02   -1.61343e+05    2.90174e+04
   Total Energy  Conserved En.    Temperature Pressure (bar)
   -1.32326e+05   -1.55285e+05    2.99634e+02   -1.42970e+03


DD  step 79999  vol min/aver 0.920  load imb.: force  3.2%  pme mesh/force 0.691
           Step           Time
          80000       80.00000

   Energies (kJ/mol)
        LJ (SR)   Coulomb (SR)   Coul. recip.      Potential    Kinetic En.
    1.72215e+04   -1.78050e+05    5.92091e+02   -1.60236e+05    2.89006e+04
   Total Energy  Conserved En.    Temperature Pressure (bar)
   -1.31336e+05   -1.55285e+05    2.98428e+02   -8.96043e+02


DD  step 80999  vol min/aver 0.931  load imb.: force  2.8%  pme mesh/force 0.704
           Step           Time
          81000       81.00000

   Energies (kJ/mol)
        LJ (SR)   Coulomb (SR)   Coul. recip.      Potential    Kinetic En.
    1.65941e+04   -1.78343e+05    6.09357e+02   -1.61140e+05    2.90147e+04
   Total Energy  Conserved En.    Temperature Pressure (bar)
   -1.32125e+05   -1.55271e+05    2.99607e+02   -1.37068e+03


DD  step 81999  vol min/aver 0.948  load imb.: force  3.1%  pme mesh/force 0.691
           Step           Time
          82000       82.00000

   Energies (kJ/mol)
        LJ (SR)   Coulomb (SR)   Coul. recip.      Potential    Kinetic En.
    1.75775e+04   -1.79560e+05    5.74366e+02   -1.61408e+05    2.89651e+04
   Total Energy  Conserved En.    Temperature Pressure (bar)
   -1.32443e+05   -1.55275e+05    2.99094e+02   -9.02394e+02


DD  step 82999  vol min/aver 0.950  load imb.: force  1.2%  pme mesh/force 0.701
           Step           Time
          83000       83.00000

   Energies (kJ/mol)
        LJ (SR)   Coulomb (SR)   Coul. recip.      Potential    Kinetic En.
    1.73468e+04   -1.78973e+05    5.96259e+02   -1.61030e+05    2.92217e+04
   Total Energy  Conserved En.    Temperature Pressure (bar)
   -1.31808e+05   -1.55308e+05    3.01744e+02   -9.42203e+02


DD  step 83999  vol min/aver 0.938  load imb.: force  1.7%  pme mesh/force 0.700
           Step           Time
          84000       84.00000

   Energies (kJ/mol)
        LJ (SR)   Coulomb (SR)   Coul. recip.      Potential    Kinetic En.
    1.71201e+04   -1.78761e+05    6.33772e+02   -1.61007e+05    2.93630e+04
   Total Energy  Conserved En.    Temperature Pressure (bar)
   -1.31644e+05   -1.55284e+05    3.03203e+02   -1.05032e+03


DD  step 84999  vol min/aver 0.963  load imb.: force  3.6%  pme mesh/force 0.695
           Step           Time
          85000       85.00000

   Energies (kJ/mol)
        LJ (SR)   Coulomb (SR)   Coul. recip.      Potential    Kinetic En.
    1.69440e+04   -1.78422e+05    5.46097e+02   -1.60932e+05    2.89412e+04
   Total Energy  Conserved En.    Temperature Pressure (bar)
   -1.31991e+05   -1.55303e+05    2.98848e+02   -1.14654e+03


DD  step 85999  vol min/aver 0.947  load imb.: force  2.5%  pme mesh/force 0.694
           Step           Time
          86000       86.00000

   Energies (kJ/mol)
        LJ (SR)   Coulomb (SR)   Coul. recip.      Potential    Kinetic En.
    1.76578e+04   -1.79542e+05    6.15258e+02   -1.61269e+05    2.92325e+04
   Total Energy  Conserved En.    Temperature Pressure (bar)
   -1.32037e+05   -1.55288e+05    3.01855e+02   -8.19073e+02


DD  step 86999  vol min/aver 0.958  load imb.: force  2.4%  pme mesh/force 0.695
           Step           Time
          87000       87.00000

   Energies (kJ/mol)
        LJ (SR)   Coulomb (SR)   Coul. recip.      Potential    Kinetic En.
    1.69641e+04   -1.78915e+05    5.55465e+02   -1.61395e+05    2.92920e+04
   Total Energy  Conserved En.    Temperature Pressure (bar)
   -1.32103e+05   -1.55262e+05    3.02469e+02   -1.19442e+03


DD  step 87999  vol min/aver 0.938  load imb.: force  4.1%  pme mesh/force 0.691
           Step           Time
          88000       88.00000

   Energies (kJ/mol)
        LJ (SR)   Coulomb (SR)   Coul. recip.      Potential    Kinetic En.
    1.69568e+04   -1.79051e+05    5.57489e+02   -1.61536e+05    2.90957e+04
   Total Energy  Conserved En.    Temperature Pressure (bar)
   -1.32441e+05   -1.55260e+05    3.00443e+02   -1.19974e+03


DD  step 88999  vol min/aver 0.942  load imb.: force  3.1%  pme mesh/force 0.703
           Step           Time
          89000       89.00000

   Energies (kJ/mol)
        LJ (SR)   Coulomb (SR)   Coul. recip.      Potential    Kinetic En.
    1.72844e+04   -1.78993e+05    5.75824e+02   -1.61133e+05    2.92421e+04
   Total Energy  Conserved En.    Temperature Pressure (bar)
   -1.31891e+05   -1.55283e+05    3.01954e+02   -1.03553e+03


DD  step 89999  vol min/aver 0.928  load imb.: force  3.2%  pme mesh/force 0.705
           Step           Time
          90000       90.00000

   Energies (kJ/mol)
        LJ (SR)   Coulomb (SR)   Coul. recip.      Potential    Kinetic En.
    1.71809e+04   -1.78919e+05    5.40527e+02   -1.61197e+05    2.93721e+04
   Total Energy  Conserved En.    Temperature Pressure (bar)
   -1.31825e+05   -1.55285e+05    3.03297e+02   -1.00989e+03


DD  step 90999  vol min/aver 0.930  load imb.: force  2.9%  pme mesh/force 0.701
           Step           Time
          91000       91.00000

   Energies (kJ/mol)
        LJ (SR)   Coulomb (SR)   Coul. recip.      Potential    Kinetic En.
    1.66602e+04   -1.79069e+05    5.86406e+02   -1.61823e+05    2.92922e+04
   Total Energy  Conserved En.    Temperature Pressure (bar)
   -1.32530e+05   -1.55295e+05    3.02472e+02   -1.42152e+03


DD  step 91999  vol min/aver 0.930  load imb.: force  5.3%  pme mesh/force 0.695
           Step           Time
          92000       92.00000

   Energies (kJ/mol)
        LJ (SR)   Coulomb (SR)   Coul. recip.      Potential    Kinetic En.
    1.69160e+04   -1.78619e+05    5.98556e+02   -1.61104e+05    2.91593e+04
   Total Energy  Conserved En.    Temperature Pressure (bar)
   -1.31945e+05   -1.55288e+05    3.01100e+02   -1.19165e+03


DD  step 92999  vol min/aver 0.937  load imb.: force  5.3%  pme mesh/force 0.680
           Step           Time
          93000       93.00000

   Energies (kJ/mol)
        LJ (SR)   Coulomb (SR)   Coul. recip.      Potential    Kinetic En.
    1.66743e+04   -1.78424e+05    5.57867e+02   -1.61191e+05    2.86625e+04
   Total Energy  Conserved En.    Temperature Pressure (bar)
   -1.32529e+05   -1.55321e+05    2.95970e+02   -1.32467e+03


DD  step 93999  vol min/aver 0.947  load imb.: force  4.0%  pme mesh/force 0.691
           Step           Time
          94000       94.00000

   Energies (kJ/mol)
        LJ (SR)   Coulomb (SR)   Coul. recip.      Potential    Kinetic En.
    1.77841e+04   -1.79955e+05    5.73525e+02   -1.61598e+05    2.87501e+04
   Total Energy  Conserved En.    Temperature Pressure (bar)
   -1.32847e+05   -1.55287e+05    2.96874e+02   -9.08251e+02


DD  step 94999  vol min/aver 0.953  load imb.: force  3.2%  pme mesh/force 0.695
           Step           Time
          95000       95.00000

   Energies (kJ/mol)
        LJ (SR)   Coulomb (SR)   Coul. recip.      Potential    Kinetic En.
    1.72464e+04   -1.78734e+05    5.72025e+02   -1.60915e+05    2.90024e+04
   Total Energy  Conserved En.    Temperature Pressure (bar)
   -1.31913e+05   -1.55274e+05    2.99479e+02   -1.00880e+03


DD  step 95999  vol min/aver 0.942  load imb.: force  3.3%  pme mesh/force 0.699
           Step           Time
          96000       96.00000

   Energies (kJ/mol)
        LJ (SR)   Coulomb (SR)   Coul. recip.      Potential    Kinetic En.
    1.65651e+04   -1.77604e+05    5.85642e+02   -1.60453e+05    2.91105e+04
   Total Energy  Conserved En.    Temperature Pressure (bar)
   -1.31342e+05   -1.55297e+05    3.00596e+02   -1.24696e+03


DD  step 96999  vol min/aver 0.962  load imb.: force  4.2%  pme mesh/force 0.686
           Step           Time
          97000       97.00000

   Energies (kJ/mol)
        LJ (SR)   Coulomb (SR)   Coul. recip.      Potential    Kinetic En.
    1.69923e+04   -1.78479e+05    5.70637e+02   -1.60916e+05    2.89673e+04
   Total Energy  Conserved En.    Temperature Pressure (bar)
   -1.31948e+05   -1.55216e+05    2.99117e+02   -1.12457e+03


DD  step 97999  vol min/aver 0.938  load imb.: force  4.4%  pme mesh/force 0.701
           Step           Time
          98000       98.00000

   Energies (kJ/mol)
        LJ (SR)   Coulomb (SR)   Coul. recip.      Potential    Kinetic En.
    1.75144e+04   -1.79536e+05    5.77208e+02   -1.61445e+05    2.95403e+04
   Total Energy  Conserved En.    Temperature Pressure (bar)
   -1.31904e+05   -1.55251e+05    3.05034e+02   -9.15793e+02


DD  step 98999  vol min/aver 0.934  load imb.: force  3.8%  pme mesh/force 0.679
           Step           Time
          99000       99.00000

   Energies (kJ/mol)
        LJ (SR)   Coulomb (SR)   Coul. recip.      Potential    Kinetic En.
    1.69445e+04   -1.77933e+05    5.87906e+02   -1.60400e+05    2.94295e+04
   Total Energy  Conserved En.    Temperature Pressure (bar)
   -1.30971e+05   -1.55250e+05    3.03889e+02   -1.05663e+03


DD  step 99999  vol min/aver 0.971  load imb.: force  2.6%  pme mesh/force 0.699
           Step           Time
         100000      100.00000

   Energies (kJ/mol)
        LJ (SR)   Coulomb (SR)   Coul. recip.      Potential    Kinetic En.
    1.71505e+04   -1.78529e+05    5.51701e+02   -1.60827e+05    2.94065e+04
   Total Energy  Conserved En.    Temperature Pressure (bar)
   -1.31420e+05   -1.55255e+05    3.03652e+02   -1.01232e+03


DD  step 100999  vol min/aver 0.949  load imb.: force  2.8%  pme mesh/force 0.709
           Step           Time
         101000      101.00000

   Energies (kJ/mol)
        LJ (SR)   Coulomb (SR)   Coul. recip.      Potential    Kinetic En.
    1.73058e+04   -1.78383e+05    5.82747e+02   -1.60494e+05    2.92465e+04
   Total Energy  Conserved En.    Temperature Pressure (bar)
   -1.31248e+05   -1.55218e+05    3.02000e+02   -8.55557e+02


DD  step 101999  vol min/aver 0.919  load imb.: force  3.9%  pme mesh/force 0.697
           Step           Time
         102000      102.00000

   Energies (kJ/mol)
        LJ (SR)   Coulomb (SR)   Coul. recip.      Potential    Kinetic En.
    1.72954e+04   -1.78985e+05    5.77550e+02   -1.61112e+05    2.89573e+04
   Total Energy  Conserved En.    Temperature Pressure (bar)
   -1.32155e+05   -1.55215e+05    2.99014e+02   -1.06491e+03


DD  step 102999  vol min/aver 0.928  load imb.: force  4.8%  pme mesh/force 0.705
           Step           Time
         103000      103.00000

   Energies (kJ/mol)
        LJ (SR)   Coulomb (SR)   Coul. recip.      Potential    Kinetic En.
    1.75131e+04   -1.79577e+05    5.62560e+02   -1.61501e+05    2.88544e+04
   Total Energy  Conserved En.    Temperature Pressure (bar)
   -1.32647e+05   -1.55265e+05    2.97951e+02   -9.82042e+02


DD  step 103999  vol min/aver 0.960  load imb.: force  3.9%  pme mesh/force 0.697
           Step           Time
         104000      104.00000

   Energies (kJ/mol)
        LJ (SR)   Coulomb (SR)   Coul. recip.      Potential    Kinetic En.
    1.66051e+04   -1.78553e+05    5.55722e+02   -1.61392e+05    2.91020e+04
   Total Energy  Conserved En.    Temperature Pressure (bar)
   -1.32290e+05   -1.55220e+05    3.00508e+02   -1.42810e+03


DD  step 104999  vol min/aver 0.964  load imb.: force  4.3%  pme mesh/force 0.688
           Step           Time
         105000      105.00000

   Energies (kJ/mol)
        LJ (SR)   Coulomb (SR)   Coul. recip.      Potential    Kinetic En.
    1.66902e+04   -1.78775e+05    5.53667e+02   -1.61532e+05    2.90904e+04
   Total Energy  Conserved En.    Temperature Pressure (bar)
   -1.32441e+05   -1.55199e+05    3.00389e+02   -1.37442e+03


DD  step 105999  vol min/aver 0.954  load imb.: force  3.1%  pme mesh/force 0.693
           Step           Time
         106000      106.00000

   Energies (kJ/mol)
        LJ (SR)   Coulomb (SR)   Coul. recip.      Potential    Kinetic En.
    1.70556e+04   -1.78549e+05    5.58662e+02   -1.60935e+05    2.89095e+04
   Total Energy  Conserved En.    Temperature Pressure (bar)
   -1.32026e+05   -1.55200e+05    2.98520e+02   -1.12482e+03


DD  step 106999  vol min/aver 0.941  load imb.: force  3.7%  pme mesh/force 0.701
           Step           Time
         107000      107.00000

   Energies (kJ/mol)
        LJ (SR)   Coulomb (SR)   Coul. recip.      Potential    Kinetic En.
    1.71293e+04   -1.79086e+05    5.90583e+02   -1.61366e+05    2.93218e+04
   Total Energy  Conserved En.    Temperature Pressure (bar)
   -1.32044e+05   -1.55199e+05    3.02777e+02   -1.12336e+03


DD  step 107999  vol min/aver 0.951  load imb.: force  2.8%  pme mesh/force 0.706
           Step           Time
         108000      108.00000

   Energies (kJ/mol)
        LJ (SR)   Coulomb (SR)   Coul. recip.      Potential    Kinetic En.
    1.69785e+04   -1.78499e+05    5.54210e+02   -1.60966e+05    2.91292e+04
   Total Energy  Conserved En.    Temperature Pressure (bar)
   -1.31837e+05   -1.55197e+05    3.00789e+02   -1.09568e+03


DD  step 108999  vol min/aver 0.912  load imb.: force  4.0%  pme mesh/force 0.699
           Step           Time
         109000      109.00000

   Energies (kJ/mol)
        LJ (SR)   Coulomb (SR)   Coul. recip.      Potential    Kinetic En.
    1.74240e+04   -1.79261e+05    5.89963e+02   -1.61247e+05    2.88475e+04
   Total Energy  Conserved En.    Temperature Pressure (bar)
   -1.32400e+05   -1.55201e+05    2.97880e+02   -9.25650e+02


DD  step 109999  vol min/aver 0.959  load imb.: force  2.9%  pme mesh/force 0.697
           Step           Time
         110000      110.00000

   Energies (kJ/mol)
        LJ (SR)   Coulomb (SR)   Coul. recip.      Potential    Kinetic En.
    1.69690e+04   -1.79105e+05    5.73838e+02   -1.61562e+05    2.89255e+04
   Total Energy  Conserved En.    Temperature Pressure (bar)
   -1.32636e+05   -1.55191e+05    2.98685e+02   -1.24602e+03


DD  step 110999  vol min/aver 0.921  load imb.: force  2.8%  pme mesh/force 0.714
           Step           Time
         111000      111.00000

   Energies (kJ/mol)
        LJ (SR)   Coulomb (SR)   Coul. recip.      Potential    Kinetic En.
    1.68976e+04   -1.78706e+05    5.83825e+02   -1.61224e+05    2.88205e+04
   Total Energy  Conserved En.    Temperature Pressure (bar)
   -1.32404e+05   -1.55253e+05    2.97602e+02   -1.26485e+03


DD  step 111999  vol min/aver 0.935  load imb.: force  2.9%  pme mesh/force 0.704
           Step           Time
         112000      112.00000

   Energies (kJ/mol)
        LJ (SR)   Coulomb (SR)   Coul. recip.      Potential    Kinetic En.
    1.65614e+04   -1.78405e+05    5.89849e+02   -1.61254e+05    2.89448e+04
   Total Energy  Conserved En.    Temperature Pressure (bar)
   -1.32309e+05   -1.55243e+05    2.98884e+02   -1.38797e+03


DD  step 112999  vol min/aver 0.942  load imb.: force  2.8%  pme mesh/force 0.699
           Step           Time
         113000      113.00000

   Energies (kJ/mol)
        LJ (SR)   Coulomb (SR)   Coul. recip.      Potential    Kinetic En.
    1.71046e+04   -1.78609e+05    5.69253e+02   -1.60935e+05    2.91317e+04
   Total Energy  Conserved En.    Temperature Pressure (bar)
   -1.31803e+05   -1.55198e+05    3.00814e+02   -1.06016e+03


DD  step 113999  vol min/aver 0.920  load imb.: force  2.8%  pme mesh/force 0.704
           Step           Time
         114000      114.00000

   Energies (kJ/mol)
        LJ (SR)   Coulomb (SR)   Coul. recip.      Potential    Kinetic En.
    1.67227e+04   -1.78992e+05    5.95631e+02   -1.61674e+05    2.85767e+04
   Total Energy  Conserved En.    Temperature Pressure (bar)
   -1.33097e+05   -1.55234e+05    2.95084e+02   -1.46417e+03


DD  step 114999  vol min/aver 0.943  load imb.: force  2.2%  pme mesh/force 0.695
           Step           Time
         115000      115.00000

   Energies (kJ/mol)
        LJ (SR)   Coulomb (SR)   Coul. recip.      Potential    Kinetic En.
    1.69794e+04   -1.78602e+05    6.03963e+02   -1.61019e+05    2.93197e+04
   Total Energy  Conserved En.    Temperature Pressure (bar)
   -1.31699e+05   -1.55246e+05    3.02756e+02   -1.11578e+03


DD  step 115999  vol min/aver 0.947  load imb.: force  3.1%  pme mesh/force 0.703
           Step           Time
         116000      116.00000

   Energies (kJ/mol)
        LJ (SR)   Coulomb (SR)   Coul. recip.      Potential    Kinetic En.
    1.67963e+04   -1.78653e+05    5.83088e+02   -1.61273e+05    2.95262e+04
   Total Energy  Conserved En.    Temperature Pressure (bar)
   -1.31747e+05   -1.55207e+05    3.04888e+02   -1.22460e+03


DD  step 116999  vol min/aver 0.941  load imb.: force  2.9%  pme mesh/force 0.697
           Step           Time
         117000      117.00000

   Energies (kJ/mol)
        LJ (SR)   Coulomb (SR)   Coul. recip.      Potential    Kinetic En.
    1.69381e+04   -1.78195e+05    5.96791e+02   -1.60660e+05    2.90497e+04
   Total Energy  Conserved En.    Temperature Pressure (bar)
   -1.31611e+05   -1.55215e+05    2.99968e+02   -1.14756e+03


DD  step 117999  vol min/aver 0.928  load imb.: force  3.8%  pme mesh/force 0.697
           Step           Time
         118000      118.00000

   Energies (kJ/mol)
        LJ (SR)   Coulomb (SR)   Coul. recip.      Potential    Kinetic En.
    1.70959e+04   -1.79312e+05    5.36699e+02   -1.61679e+05    2.85699e+04
   Total Energy  Conserved En.    Temperature Pressure (bar)
   -1.33109e+05   -1.55212e+05    2.95013e+02   -1.21254e+03


DD  step 118999  vol min/aver 0.919  load imb.: force  1.5%  pme mesh/force 0.705
           Step           Time
         119000      119.00000

   Energies (kJ/mol)
        LJ (SR)   Coulomb (SR)   Coul. recip.      Potential    Kinetic En.
    1.71208e+04   -1.79183e+05    5.55964e+02   -1.61506e+05    2.91538e+04
   Total Energy  Conserved En.    Temperature Pressure (bar)
   -1.32352e+05   -1.55211e+05    3.01043e+02   -1.14008e+03


DD  step 119999  vol min/aver 0.947  load imb.: force  5.2%  pme mesh/force 0.679
           Step           Time
         120000      120.00000

   Energies (kJ/mol)
        LJ (SR)   Coulomb (SR)   Coul. recip.      Potential    Kinetic En.
    1.62584e+04   -1.77544e+05    5.85502e+02   -1.60700e+05    2.91754e+04
   Total Energy  Conserved En.    Temperature Pressure (bar)
   -1.31524e+05   -1.55261e+05    3.01266e+02   -1.41527e+03


DD  step 120999  vol min/aver 0.943  load imb.: force  5.0%  pme mesh/force 0.692
           Step           Time
         121000      121.00000

   Energies (kJ/mol)
        LJ (SR)   Coulomb (SR)   Coul. recip.      Potential    Kinetic En.
    1.70802e+04   -1.78710e+05    5.46747e+02   -1.61083e+05    2.89130e+04
   Total Energy  Conserved En.    Temperature Pressure (bar)
   -1.32170e+05   -1.55208e+05    2.98556e+02   -1.10001e+03


DD  step 121999  vol min/aver 0.954  load imb.: force  2.8%  pme mesh/force 0.698
           Step           Time
         122000      122.00000

   Energies (kJ/mol)
        LJ (SR)   Coulomb (SR)   Coul. recip.      Potential    Kinetic En.
    1.71007e+04   -1.78769e+05    5.58401e+02   -1.61110e+05    2.91663e+04
   Total Energy  Conserved En.    Temperature Pressure (bar)
   -1.31944e+05   -1.55198e+05    3.01172e+02   -1.01270e+03


DD  step 122999  vol min/aver 0.952  load imb.: force  4.4%  pme mesh/force 0.686
           Step           Time
         123000      123.00000

   Energies (kJ/mol)
        LJ (SR)   Coulomb (SR)   Coul. recip.      Potential    Kinetic En.
    1.69074e+04   -1.78449e+05    5.66411e+02   -1.60975e+05    2.92914e+04
   Total Energy  Conserved En.    Temperature Pressure (bar)
   -1.31684e+05   -1.55193e+05    3.02463e+02   -1.14751e+03


DD  step 123999  vol min/aver 0.927  load imb.: force  3.0%  pme mesh/force 0.688
           Step           Time
         124000      124.00000

   Energies (kJ/mol)
        LJ (SR)   Coulomb (SR)   Coul. recip.      Potential    Kinetic En.
    1.71143e+04   -1.79361e+05    5.67652e+02   -1.61679e+05    2.90842e+04
   Total Energy  Conserved En.    Temperature Pressure (bar)
   -1.32595e+05   -1.55150e+05    3.00324e+02   -1.16941e+03


DD  step 124999  vol min/aver 0.957  load imb.: force  3.5%  pme mesh/force 0.698
           Step           Time
         125000      125.00000

Writing checkpoint, step 125000 at Thu Oct  5 15:47:40 2023


   Energies (kJ/mol)
        LJ (SR)   Coulomb (SR)   Coul. recip.      Potential    Kinetic En.
    1.70890e+04   -1.79303e+05    5.63124e+02   -1.61651e+05    2.87247e+04
   Total Energy  Conserved En.    Temperature Pressure (bar)
   -1.32926e+05   -1.55158e+05    2.96612e+02   -1.23193e+03


	<======  ###############  ==>
	<====  A V E R A G E S  ====>
	<==  ###############  ======>

	Statistics over 125001 steps using 1251 frames

   Energies (kJ/mol)
        LJ (SR)   Coulomb (SR)   Coul. recip.      Potential    Kinetic En.
    1.70724e+04   -1.78857e+05    5.71582e+02   -1.61213e+05    2.90473e+04
   Total Energy  Conserved En.    Temperature Pressure (bar)
   -1.32166e+05   -1.55355e+05    2.99943e+02   -1.12081e+03

   Total Virial (kJ/mol)
    1.39294e+04   -1.16893e+00    2.21557e+01
   -1.55757e+00    1.38967e+04    1.12353e+01
    2.19883e+01    1.16657e+01    1.38768e+04

   Pressure (bar)
   -1.12960e+03    1.45463e+00   -5.45115e+00
    1.55789e+00   -1.12168e+03   -3.33738e+00
   -5.40667e+00   -3.45172e+00   -1.11114e+03


	M E G A - F L O P S   A C C O U N T I N G

 NB=Group-cutoff nonbonded kernels    NxN=N-by-N cluster Verlet kernels
 RF=Reaction-Field  VdW=Van der Waals  QSTab=quadratic-spline table
 W3=SPC/TIP3p  W4=TIP4p (single or pairs)
 V&F=Potential and force  V=Potential only  F=Force only

 Computing:                               M-Number         M-Flops  % Flops
-----------------------------------------------------------------------------
 Pair Search distance check            8254.253676       74288.283     0.1
 NxN Ewald Elec. + LJ [F]           1203481.637424    93871567.719    94.4
 NxN Ewald Elec. + LJ [V&F]           12166.118288     1569429.259     1.6
 NxN Ewald Elec. [F]                   7472.930256      455848.746     0.5
 NxN Ewald Elec. [V&F]                   75.545840        6345.851     0.0
 Calc Weights                          4365.784926      157168.257     0.2
 Spread Q Bspline                     93136.745088      186273.490     0.2
 Gather F Bspline                     93136.745088      558820.471     0.6
 3D-FFT                              299631.897036     2397055.176     2.4
 Solve PME                              220.501764       14112.113     0.0
 Reset In Box                            14.564142          43.692     0.0
 CG-CoM                                  14.575784          43.727     0.0
 Virial                                  15.464862         278.368     0.0
 Stop-CM                                 14.575784         145.758     0.0
 Calc-Ekin                              145.548284        3929.804     0.0
 Constraint-V                          1453.523256       11628.186     0.0
 Constraint-Vir                          14.546628         349.119     0.0
 Settle                                 484.511628      156497.256     0.2
-----------------------------------------------------------------------------
 Total                                                99463825.274   100.0
-----------------------------------------------------------------------------


    D O M A I N   D E C O M P O S I T I O N   S T A T I S T I C S

 av. #atoms communicated per step for force:  2 x 36871.8


Dynamic load balancing report:
 DLB was turned on during the run due to measured imbalance.
 Average load imbalance: 3.2%.
 The balanceable part of the MD step is 92%, load imbalance is computed from this.
 Part of the total run time spent waiting due to load imbalance: 3.0%.
 Steps where the load balancing was limited by -rdd, -rcon and/or -dds: X 0 % Y 0 %
 Average PME mesh/force load: 0.697
 Part of the total run time spent waiting due to PP/PME imbalance: 5.7 %

NOTE: 5.7 % performance was lost because the PME ranks
      had less work to do than the PP ranks.
      You might want to decrease the number of PME ranks
      or decrease the cut-off and the grid spacing.


     R E A L   C Y C L E   A N D   T I M E   A C C O U N T I N G

On 16 MPI ranks doing PP, and
on 4 MPI ranks doing PME

 Computing:          Num   Num      Call    Wall time         Giga-Cycles
                     Ranks Threads  Count      (s)         total sum    %
-----------------------------------------------------------------------------
 Domain decomp.        16    1       1251       0.609         28.193   0.3
 DD comm. load         16    1       1250       0.004          0.206   0.0
 DD comm. bounds       16    1       1249       0.057          2.624   0.0
 Send X to PME         16    1     125001       1.959         90.691   1.0
 Neighbor search       16    1       1251       1.858         85.999   0.9
 Comm. coord.          16    1     123750       3.991        184.742   2.0
 Force                 16    1     125001     141.742       6561.338  69.6
 Wait + Comm. F        16    1     125001       7.639        353.635   3.7
 PME mesh *             4    1     125001     104.707       1211.741  12.8
 PME wait for PP *                             58.142        672.864   7.1
 Wait + Recv. PME F    16    1     125001       0.888         41.086   0.4
 NB X/F buffer ops.    16    1     372501       1.866         86.394   0.9
 Write traj.           16    1         26       0.019          0.881   0.0
 Update                16    1     125001       0.369         17.091   0.2
 Constraints           16    1     125003       1.278         59.148   0.6
 Comm. energies        16    1       6251       0.464         21.470   0.2
 Rest                                           0.275         12.710   0.1
-----------------------------------------------------------------------------
 Total                                        163.017       9432.760 100.0
-----------------------------------------------------------------------------
(*) Note that with separate PME ranks, the walltime column actually sums to
    twice the total reported, but the cycle count total and % are correct.
-----------------------------------------------------------------------------
 Breakdown of PME mesh computation
-----------------------------------------------------------------------------
 PME redist. X/F        4    1     250002       9.463        109.511   1.2
 PME spread             4    1     125001      20.624        238.676   2.5
 PME gather             4    1     125001      33.386        386.363   4.1
 PME 3D-FFT             4    1     250002      29.930        346.370   3.7
 PME 3D-FFT Comm.       4    1     250002       8.957        103.654   1.1
 PME solve Elec         4    1     125001       2.220         25.687   0.3
-----------------------------------------------------------------------------

               Core t (s)   Wall t (s)        (%)
       Time:     3260.338      163.017     2000.0
                 (ns/day)    (hour/ns)
Performance:       66.251        0.362
Finished mdrun on rank 0 Thu Oct  5 15:47:40 2023

