2023-11-30:14:34:33,977 INFO     [psi4.driver.task_planner:283] PLANNING Atomic:  keywords={'function_kwargs': {}}
2023-11-30:14:34:33,981 INFO     [psi4.driver.driver:499] Compute energy(): method=scf, basis=cc-pvdz, molecule=default, nre=9.168193296424349
2023-11-30:14:34:35,190 INFO     [psi4.driver.driver:502] Return energy(): -76.0266327350902
2023-11-30:14:35:00,824 INFO     [psi4.driver.task_planner:283] PLANNING Atomic:  keywords={'SCF__INTS_TOLERANCE': 1e-12, 'REFERENCE': 'UHF', 'function_kwargs': {}}
2023-11-30:14:35:00,827 INFO     [psi4.driver.driver:499] Compute energy(): method=scf, basis=6-31g**, molecule=default, nre=6.17454856754189
2023-11-30:14:35:01,167 INFO     [psi4.driver.driver:502] Return energy(): -38.92533462893707
2023-11-30:14:37:32,701 INFO     [psi4.driver.task_planner:283] PLANNING Atomic:  keywords={'SCF__INTS_TOLERANCE': 1e-12, 'REFERENCE': 'RHF', 'function_kwargs': {}}
2023-11-30:14:37:32,703 INFO     [psi4.driver.driver:617] Compute gradient(): method=scf, basis=cc-pvdz, molecule=default, nre=9.168193296424349
2023-11-30:14:37:33,39 INFO     [psi4.driver.driver:620] Return gradient(): -76.02663273512377
2023-11-30:14:37:33,39 INFO     [psi4.driver.driver:621] [[ 0.          0.         -0.01764163]
 [ 0.         -0.01243841  0.00882081]
 [-0.          0.01243841  0.00882081]]
2023-11-30:14:37:33,65 INFO     [psi4.driver.task_planner:283] PLANNING Atomic:  keywords={'CART_HESS_READ': 0, 'SCF__GUESS': 'READ', 'SCF__INTS_TOLERANCE': 1e-12, 'REFERENCE': 'RHF', 'function_kwargs': {}}
2023-11-30:14:37:33,67 INFO     [psi4.driver.driver:617] Compute gradient(): method=scf, basis=cc-pvdz, molecule=default, nre=9.309900182611623
2023-11-30:14:37:33,293 INFO     [psi4.driver.driver:620] Return gradient(): -76.02702266602294
2023-11-30:14:37:33,294 INFO     [psi4.driver.driver:621] [[-0.          0.         -0.00008799]
 [-0.          0.00157041  0.000044  ]
 [ 0.         -0.00157041  0.000044  ]]
2023-11-30:14:37:33,320 INFO     [psi4.driver.task_planner:283] PLANNING Atomic:  keywords={'CART_HESS_READ': 0, 'SCF__GUESS': 'READ', 'SCF__INTS_TOLERANCE': 1e-12, 'REFERENCE': 'RHF', 'function_kwargs': {}}
2023-11-30:14:37:33,322 INFO     [psi4.driver.driver:617] Compute gradient(): method=scf, basis=cc-pvdz, molecule=default, nre=9.300665063058293
2023-11-30:14:37:33,536 INFO     [psi4.driver.driver:620] Return gradient(): -76.02703272937481
2023-11-30:14:37:33,536 INFO     [psi4.driver.driver:621] [[-0.          0.          0.00008587]
 [ 0.         -0.00007268 -0.00004293]
 [-0.          0.00007268 -0.00004293]]
2023-11-30:14:39:14,380 INFO     [psi4.driver.task_planner:283] PLANNING Atomic:  keywords={'SCF__INTS_TOLERANCE': 1e-12, 'REFERENCE': 'RHF', 'function_kwargs': {}}
2023-11-30:14:39:14,404 INFO     [psi4.driver.task_planner:283] PLANNING Atomic:  keywords={'SCF__D_CONVERGENCE': 1e-08, 'SCF__E_CONVERGENCE': 1e-08, 'SCF__INTS_TOLERANCE': 1e-12, 'REFERENCE': 'RHF', 'function_kwargs': {}}
2023-11-30:14:39:14,407 INFO     [psi4.driver.driver:617] Compute gradient(): method=scf, basis=cc-pvdz, molecule=default, nre=9.300665063058295
2023-11-30:14:39:14,747 INFO     [psi4.driver.driver:620] Return gradient(): -76.02703272937592
2023-11-30:14:39:14,747 INFO     [psi4.driver.driver:621] [[ 0.          0.          0.00008586]
 [ 0.         -0.00007268 -0.00004293]
 [-0.          0.00007268 -0.00004293]]
2023-11-30:14:39:14,748 INFO     [psi4.driver.driver:1437] Compute hessian(): method=scf, basis=cc-pvdz, molecule=default, nre=9.300665063058295
2023-11-30:14:39:15,474 INFO     [psi4.driver.driver:1441] Return hessian(): -76.0270327293759
2023-11-30:14:39:15,475 INFO     [psi4.driver.driver:1442] [[-0.00007858  0.          0.          0.00003929  0.         -0.          0.00003929 -0.         -0.        ]
 [ 0.          0.78584954  0.          0.         -0.39292477  0.30336826 -0.         -0.39292477 -0.30336826]
 [ 0.          0.          0.53846879 -0.          0.23574776 -0.26923439 -0.         -0.23574776 -0.26923439]
 [ 0.00003929  0.         -0.          0.00000603 -0.          0.         -0.00004532 -0.          0.        ]
 [ 0.         -0.39292477  0.23574776 -0.          0.42766634 -0.26955801 -0.         -0.03474157  0.03381025]
 [-0.          0.30336826 -0.26923439  0.         -0.26955801  0.25174302  0.         -0.03381025  0.01749137]
 [ 0.00003929 -0.         -0.         -0.00004532 -0.          0.          0.00000603  0.          0.        ]
 [-0.         -0.39292477 -0.23574776 -0.         -0.03474157 -0.03381025  0.          0.42766634  0.26955801]
 [-0.         -0.30336826 -0.26923439  0.          0.03381025  0.01749137  0.          0.26955801  0.25174302]]
