                      :-) GROMACS - gmx grompp, 2020.4 (-:

                            GROMACS is written by:
     Emile Apol      Rossen Apostolov      Paul Bauer     Herman J.C. Berendsen
    Par Bjelkmar      Christian Blau   Viacheslav Bolnykh     Kevin Boyd    
 Aldert van Buuren   Rudi van Drunen     Anton Feenstra       Alan Gray     
  Gerrit Groenhof     Anca Hamuraru    Vincent Hindriksen  M. Eric Irrgang  
  Aleksei Iupinov   Christoph Junghans     Joe Jordan     Dimitrios Karkoulis
    Peter Kasson        Jiri Kraus      Carsten Kutzner      Per Larsson    
  Justin A. Lemkul    Viveca Lindahl    Magnus Lundborg     Erik Marklund   
    Pascal Merz     Pieter Meulenhoff    Teemu Murtola       Szilard Pall   
    Sander Pronk      Roland Schulz      Michael Shirts    Alexey Shvetsov  
   Alfons Sijbers     Peter Tieleman      Jon Vincent      Teemu Virolainen 
 Christian Wennberg    Maarten Wolf      Artem Zhmurov   
                           and the project leaders:
        Mark Abraham, Berk Hess, Erik Lindahl, and David van der Spoel

Copyright (c) 1991-2000, University of Groningen, The Netherlands.
Copyright (c) 2001-2019, The GROMACS development team at
Uppsala University, Stockholm University and
the Royal Institute of Technology, Sweden.
check out http://www.gromacs.org for more information.

GROMACS is free software; you can redistribute it and/or modify it
under the terms of the GNU Lesser General Public License
as published by the Free Software Foundation; either version 2.1
of the License, or (at your option) any later version.

GROMACS:      gmx grompp, version 2020.4
Executable:   /share/apps/gromacs/2020.4/openmpi/intel/bin/gmx_mpi
Ignoring obsolete mdp entry 'title'
Ignoring obsolete mdp entry 'ns_type'
Data prefix:  /share/apps/gromacs/2020.4/openmpi/intel
Working dir:  /scratch/work/courses/CHEM-GA-2671-2023fa/students/rr4398/comp-lab-class-2023/Week3/Setup
Command line:
  gmx_mpi grompp -f nvt.mdp -c em.gro -r em.gro -p topol.top -o nvt.tpr

Ignoring obsolete mdp entry 'title'
Ignoring obsolete mdp entry 'ns_type'
Setting the LD random seed to -1193066338
Setting the LD random seed to 1091594904
Ignoring obsolete mdp entry 'title'
Ignoring obsolete mdp entry 'ns_type'
Ignoring obsolete mdp entry 'title'
Ignoring obsolete mdp entry 'ns_type'
Setting the LD random seed to -1480881549
Setting the LD random seed to -1816839434
Generated 330891 of the 330891 non-bonded parameter combinations
Generating 1-4 interactions: fudge = 0.5
Generated 330891 of the 330891 non-bonded parameter combinations
Generating 1-4 interactions: fudge = 0.5
Generated 330891 of the 330891 non-bonded parameter combinations
Generating 1-4 interactions: fudge = 0.5
Generated 330891 of the 330891 non-bonded parameter combinations
Generating 1-4 interactions: fudge = 0.5
Generated 330891 of the 330891 1-4 parameter combinations
Generated 330891 of the 330891 1-4 parameter combinations
Generated 330891 of the 330891 1-4 parameter combinations
Generated 330891 of the 330891 1-4 parameter combinations
turning H bonds into constraints...
turning H bonds into constraints...
turning H bonds into constraints...
turning H bonds into constraints...
turning H bonds into constraints...
turning H bonds into constraints...
turning H bonds into constraints...
turning H bonds into constraints...
turning H bonds into constraints...
turning H bonds into constraints...
Excluding 3 bonded neighbours molecule type 'Protein_chain_A'
Excluding 2 bonded neighbours molecule type 'SOL'
Excluding 1 bonded neighbours molecule type 'CL'
Excluding 3 bonded neighbours molecule type 'Protein_chain_A'
Excluding 2 bonded neighbours molecule type 'SOL'
Excluding 1 bonded neighbours molecule type 'CL'
Excluding 3 bonded neighbours molecule type 'Protein_chain_A'
Excluding 2 bonded neighbours molecule type 'SOL'
Excluding 3 bonded neighbours molecule type 'Protein_chain_A'
Excluding 2 bonded neighbours molecule type 'SOL'
Excluding 1 bonded neighbours molecule type 'CL'
turning H bonds into constraints...
turning H bonds into constraints...
Excluding 1 bonded neighbours molecule type 'CL'
Setting gen_seed to 161974338
Velocities were taken from a Maxwell distribution at 300 K
Setting gen_seed to 191358200
Velocities were taken from a Maxwell distribution at 300 K
Setting gen_seed to -660366548
Velocities were taken from a Maxwell distribution at 300 K
Setting gen_seed to 655616985
Velocities were taken from a Maxwell distribution at 300 K
Analysing residue names:
There are:   129    Protein residues
There are: 10636      Water residues
There are:     8        Ion residues
Analysing Protein...
Analysing residue names:
There are:   129    Protein residues
There are: 10636      Water residues
There are:     8        Ion residues
Analysing Protein...
Analysing residue names:
Analysing residue names:
There are:   129    Protein residues
There are: 10636      Water residues
There are:     8        Ion residues
Analysing Protein...
Analysing residues not classified as Protein/DNA/RNA/Water and splitting into groups...
Determining Verlet buffer for a tolerance of 0.005 kJ/mol/ps at 300 K
Calculated rlist for 1x1 atom pair-list as 1.035 nm, buffer size 0.035 nm
Set rlist, assuming 4x4 atom pair-list, to 1.000 nm, buffer size 0.000 nm
Note that mdrun will redetermine rlist based on the actual pair-list setup
Calculating fourier grid dimensions for X Y Z
Using a fourier grid of 44x44x44, spacing 0.159 0.159 0.159
This run will generate roughly 81 Mb of data
Analysing residues not classified as Protein/DNA/RNA/Water and splitting into groups...
Determining Verlet buffer for a tolerance of 0.005 kJ/mol/ps at 300 K
Calculated rlist for 1x1 atom pair-list as 1.035 nm, buffer size 0.035 nm
Set rlist, assuming 4x4 atom pair-list, to 1.000 nm, buffer size 0.000 nm
Note that mdrun will redetermine rlist based on the actual pair-list setup
Calculating fourier grid dimensions for X Y Z
Using a fourier grid of 44x44x44, spacing 0.159 0.159 0.159
This run will generate roughly 81 Mb of data
Number of degrees of freedom in T-Coupling group Protein is 4920.79
Number of degrees of freedom in T-Coupling group non-Protein is 63837.21

NOTE 1 [file nvt.mdp]:
  Removing center of mass motion in the presence of position restraints
  might cause artifacts. When you are using position restraints to
  equilibrate a macro-molecule, the artifacts are usually negligible.

Estimate for the relative computational load of the PME mesh part: 0.28

There was 1 note
Number of degrees of freedom in T-Coupling group Protein is 4920.79
Number of degrees of freedom in T-Coupling group non-Protein is 63837.21

NOTE 1 [file nvt.mdp]:
  Removing center of mass motion in the presence of position restraints
  might cause artifacts. When you are using position restraints to
  equilibrate a macro-molecule, the artifacts are usually negligible.

Estimate for the relative computational load of the PME mesh part: 0.28

There was 1 note
There are:   129    Protein residues
There are: 10636      Water residues
There are:     8        Ion residues
Analysing Protein...
Analysing residues not classified as Protein/DNA/RNA/Water and splitting into groups...
Analysing residues not classified as Protein/DNA/RNA/Water and splitting into groups...
Number of degrees of freedom in T-Coupling group Protein is 4920.79
Number of degrees of freedom in T-Coupling group non-Protein is 63837.21
Determining Verlet buffer for a tolerance of 0.005 kJ/mol/ps at 300 K
Number of degrees of freedom in T-Coupling group Protein is 4920.79
Number of degrees of freedom in T-Coupling group non-Protein is 63837.21

Back Off! I just backed up nvt.tpr to ./#nvt.tpr.1#

Sorry couldn't backup nvt.tpr to ./#nvt.tpr.1#

NOTE 1 [file nvt.mdp]:
  Removing center of mass motion in the presence of position restraints
  might cause artifacts. When you are using position restraints to
  equilibrate a macro-molecule, the artifacts are usually negligible.

Estimate for the relative computational load of the PME mesh part: 0.28

There was 1 note

Back Off! I just backed up nvt.tpr to ./#nvt.tpr.3#

NOTE 1 [file nvt.mdp]:
  Removing center of mass motion in the presence of position restraints
  might cause artifacts. When you are using position restraints to
  equilibrate a macro-molecule, the artifacts are usually negligible.

Estimate for the relative computational load of the PME mesh part: 0.28

There was 1 note

Back Off! I just backed up nvt.tpr to ./#nvt.tpr.2#
Determining Verlet buffer for a tolerance of 0.005 kJ/mol/ps at 300 K
Calculated rlist for 1x1 atom pair-list as 1.035 nm, buffer size 0.035 nm
Set rlist, assuming 4x4 atom pair-list, to 1.000 nm, buffer size 0.000 nm
Note that mdrun will redetermine rlist based on the actual pair-list setup
Calculating fourier grid dimensions for X Y Z
Using a fourier grid of 44x44x44, spacing 0.159 0.159 0.159
This run will generate roughly 81 Mb of data
Calculated rlist for 1x1 atom pair-list as 1.035 nm, buffer size 0.035 nm
Set rlist, assuming 4x4 atom pair-list, to 1.000 nm, buffer size 0.000 nm
Note that mdrun will redetermine rlist based on the actual pair-list setup
Calculating fourier grid dimensions for X Y Z
Using a fourier grid of 44x44x44, spacing 0.159 0.159 0.159
This run will generate roughly 81 Mb of data

GROMACS reminds you: "Your Excellency, I have no need of this hypothesis." (Pierre Laplace, to Napoleon on why his works on celestial mechanics make no mention of God.)

                      :-) GROMACS - gmx mdrun, 2020.4 (-:

                            GROMACS is written by:
     Emile Apol      Rossen Apostolov      Paul Bauer     Herman J.C. Berendsen
    Par Bjelkmar      Christian Blau   Viacheslav Bolnykh     Kevin Boyd    
 Aldert van Buuren   Rudi van Drunen     Anton Feenstra       Alan Gray     
  Gerrit Groenhof     Anca Hamuraru    Vincent Hindriksen  M. Eric Irrgang  
  Aleksei Iupinov   Christoph Junghans     Joe Jordan     Dimitrios Karkoulis
    Peter Kasson        Jiri Kraus      Carsten Kutzner      Per Larsson    
  Justin A. Lemkul    Viveca Lindahl    Magnus Lundborg     Erik Marklund   
    Pascal Merz     Pieter Meulenhoff    Teemu Murtola       Szilard Pall   
    Sander Pronk      Roland Schulz      Michael Shirts    Alexey Shvetsov  
   Alfons Sijbers     Peter Tieleman      Jon Vincent      Teemu Virolainen 
 Christian Wennberg    Maarten Wolf      Artem Zhmurov   
                           and the project leaders:
        Mark Abraham, Berk Hess, Erik Lindahl, and David van der Spoel

Copyright (c) 1991-2000, University of Groningen, The Netherlands.
Copyright (c) 2001-2019, The GROMACS development team at
Uppsala University, Stockholm University and
the Royal Institute of Technology, Sweden.
check out http://www.gromacs.org for more information.

GROMACS is free software; you can redistribute it and/or modify it
under the terms of the GNU Lesser General Public License
as published by the Free Software Foundation; either version 2.1
of the License, or (at your option) any later version.

GROMACS:      gmx mdrun, version 2020.4
Executable:   /share/apps/gromacs/2020.4/openmpi/intel/bin/gmx_mpi
Data prefix:  /share/apps/gromacs/2020.4/openmpi/intel
Working dir:  /scratch/work/courses/CHEM-GA-2671-2023fa/students/rr4398/comp-lab-class-2023/Week3/Setup
Command line:
  gmx_mpi mdrun -deffnm nvt


Back Off! I just backed up nvt.log to ./#nvt.log.1#
Reading file nvt.tpr, VERSION 2020.4 (single precision)
Changing nstlist from 10 to 50, rlist from 1 to 1.115

Using 4 MPI processes

Non-default thread affinity set, disabling internal thread affinity

Back Off! I just backed up nvt.trr to ./#nvt.trr.1#

Back Off! I just backed up nvt.edr to ./#nvt.edr.1#
starting mdrun 'LYSOZYME in water'
50000 steps,    100.0 ps.

Writing final coordinates.


Dynamic load balancing report:
 DLB was off during the run due to low measured imbalance.
 Average load imbalance: 1.7%.
 The balanceable part of the MD step is 66%, load imbalance is computed from this.
 Part of the total run time spent waiting due to load imbalance: 1.1%.


               Core t (s)   Wall t (s)        (%)
       Time:     1338.617      334.655      400.0
                 (ns/day)    (hour/ns)
Performance:       25.818        0.930

GROMACS reminds you: "I don't believe in astrology; I'm a Sagittarian and we're skeptical." (Arthur C. Clarke)

